2025-12-14 12:09:50 DEBUG PackageRelationshipCollection:307 - Parsing relationship: /xl/_rels/workbook.xml.rels
2025-12-14 12:09:50 DEBUG PackageRelationshipCollection:307 - Parsing relationship: /xl/worksheets/_rels/sheet1.xml.rels
2025-12-14 12:09:50 DEBUG PackageRelationshipCollection:307 - Parsing relationship: /_rels/.rels
2025-12-14 12:09:50 DEBUG PackageRelationshipCollection:307 - Parsing relationship: /xl/_rels/workbook.xml.rels
2025-12-14 12:09:50 DEBUG PackageRelationshipCollection:307 - Parsing relationship: /xl/worksheets/_rels/sheet1.xml.rels
2025-12-14 12:09:50 DEBUG PackageRelationshipCollection:307 - Parsing relationship: /_rels/.rels
2025-12-14 12:09:50 DEBUG PackageRelationshipCollection:307 - Parsing relationship: /xl/_rels/workbook.xml.rels
2025-12-14 12:09:50 DEBUG PackageRelationshipCollection:307 - Parsing relationship: /xl/worksheets/_rels/sheet1.xml.rels
2025-12-14 12:09:50 DEBUG PackageRelationshipCollection:307 - Parsing relationship: /_rels/.rels
2025-12-14 12:09:50 DEBUG PackageRelationshipCollection:307 - Parsing relationship: /xl/_rels/workbook.xml.rels
2025-12-14 12:09:50 DEBUG PackageRelationshipCollection:307 - Parsing relationship: /xl/worksheets/_rels/sheet1.xml.rels
2025-12-14 12:09:50 DEBUG PackageRelationshipCollection:307 - Parsing relationship: /_rels/.rels
2025-12-14 12:09:50 DEBUG PackageRelationshipCollection:307 - Parsing relationship: /xl/_rels/workbook.xml.rels
2025-12-14 12:09:50 DEBUG PackageRelationshipCollection:307 - Parsing relationship: /xl/worksheets/_rels/sheet1.xml.rels
2025-12-14 12:09:50 DEBUG PackageRelationshipCollection:307 - Parsing relationship: /_rels/.rels
2025-12-14 12:09:50 DEBUG PackageRelationshipCollection:307 - Parsing relationship: /xl/_rels/workbook.xml.rels
2025-12-14 12:09:50 DEBUG PackageRelationshipCollection:307 - Parsing relationship: /xl/worksheets/_rels/sheet1.xml.rels
2025-12-14 12:09:50 DEBUG PackageRelationshipCollection:307 - Parsing relationship: /_rels/.rels
2025-12-14 12:09:50 DEBUG PackageRelationshipCollection:307 - Parsing relationship: /xl/_rels/workbook.xml.rels
2025-12-14 12:09:50 DEBUG PackageRelationshipCollection:307 - Parsing relationship: /xl/worksheets/_rels/sheet1.xml.rels
2025-12-14 12:09:50 DEBUG PackageRelationshipCollection:307 - Parsing relationship: /_rels/.rels
2025-12-14 12:09:50 DEBUG PackageRelationshipCollection:307 - Parsing relationship: /xl/_rels/workbook.xml.rels
2025-12-14 12:09:50 DEBUG PackageRelationshipCollection:307 - Parsing relationship: /xl/worksheets/_rels/sheet1.xml.rels
2025-12-14 12:09:50 DEBUG PackageRelationshipCollection:307 - Parsing relationship: /_rels/.rels
2025-12-14 12:09:50 DEBUG PackageRelationshipCollection:307 - Parsing relationship: /xl/_rels/workbook.xml.rels
2025-12-14 12:09:50 DEBUG PackageRelationshipCollection:307 - Parsing relationship: /xl/worksheets/_rels/sheet1.xml.rels
2025-12-14 12:09:50 DEBUG PackageRelationshipCollection:307 - Parsing relationship: /_rels/.rels
2025-12-14 12:09:50 DEBUG PackageRelationshipCollection:307 - Parsing relationship: /xl/_rels/workbook.xml.rels
2025-12-14 12:09:50 DEBUG PackageRelationshipCollection:307 - Parsing relationship: /xl/worksheets/_rels/sheet1.xml.rels
2025-12-14 12:09:50 DEBUG PackageRelationshipCollection:307 - Parsing relationship: /_rels/.rels
2025-12-14 12:09:50 DEBUG PackageRelationshipCollection:307 - Parsing relationship: /xl/_rels/workbook.xml.rels
2025-12-14 12:09:50 DEBUG PackageRelationshipCollection:307 - Parsing relationship: /xl/worksheets/_rels/sheet1.xml.rels
2025-12-14 12:09:50 DEBUG PackageRelationshipCollection:307 - Parsing relationship: /_rels/.rels
2025-12-14 12:09:50 DEBUG PackageRelationshipCollection:307 - Parsing relationship: /xl/_rels/workbook.xml.rels
2025-12-14 12:09:50 DEBUG PackageRelationshipCollection:307 - Parsing relationship: /xl/worksheets/_rels/sheet1.xml.rels
2025-12-14 12:09:50 DEBUG PackageRelationshipCollection:307 - Parsing relationship: /_rels/.rels
2025-12-14 12:09:50 DEBUG PackageRelationshipCollection:307 - Parsing relationship: /xl/_rels/workbook.xml.rels
2025-12-14 12:09:50 DEBUG PackageRelationshipCollection:307 - Parsing relationship: /xl/worksheets/_rels/sheet1.xml.rels
2025-12-14 12:09:50 DEBUG PackageRelationshipCollection:307 - Parsing relationship: /_rels/.rels
2025-12-14 12:09:50 DEBUG PackageRelationshipCollection:307 - Parsing relationship: /xl/_rels/workbook.xml.rels
2025-12-14 12:09:50 DEBUG PackageRelationshipCollection:307 - Parsing relationship: /xl/worksheets/_rels/sheet1.xml.rels
2025-12-14 12:09:50 DEBUG PackageRelationshipCollection:307 - Parsing relationship: /_rels/.rels
2025-12-14 12:09:50 DEBUG PackageRelationshipCollection:307 - Parsing relationship: /xl/_rels/workbook.xml.rels
2025-12-14 12:09:50 DEBUG PackageRelationshipCollection:307 - Parsing relationship: /xl/worksheets/_rels/sheet1.xml.rels
2025-12-14 12:09:50 DEBUG PackageRelationshipCollection:307 - Parsing relationship: /_rels/.rels
2025-12-14 12:09:50 DEBUG PackageRelationshipCollection:307 - Parsing relationship: /xl/_rels/workbook.xml.rels
2025-12-14 12:09:50 DEBUG PackageRelationshipCollection:307 - Parsing relationship: /xl/worksheets/_rels/sheet1.xml.rels
2025-12-14 12:09:50 DEBUG PackageRelationshipCollection:307 - Parsing relationship: /_rels/.rels
2025-12-14 12:09:50 DEBUG PackageRelationshipCollection:307 - Parsing relationship: /xl/_rels/workbook.xml.rels
2025-12-14 12:09:50 DEBUG PackageRelationshipCollection:307 - Parsing relationship: /xl/worksheets/_rels/sheet1.xml.rels
2025-12-14 12:09:50 DEBUG PackageRelationshipCollection:307 - Parsing relationship: /_rels/.rels
2025-12-14 12:09:50 INFO  TC003_LoginDataDrivenTest:18 - Starting DDT
2025-12-14 12:10:01 INFO  TC003_LoginDataDrivenTest:18 - Starting DDT
2025-12-14 12:10:12 INFO  TC003_LoginDataDrivenTest:18 - Starting DDT
2025-12-14 12:10:22 INFO  TC003_LoginDataDrivenTest:18 - Starting DDT
2025-12-14 12:10:27 INFO  TC003_LoginDataDrivenTest:18 - Starting DDT
2025-12-14 12:13:11 DEBUG PackageRelationshipCollection:307 - Parsing relationship: /xl/_rels/workbook.xml.rels
2025-12-14 12:13:11 DEBUG PackageRelationshipCollection:307 - Parsing relationship: /xl/worksheets/_rels/sheet1.xml.rels
2025-12-14 12:13:11 DEBUG PackageRelationshipCollection:307 - Parsing relationship: /_rels/.rels
2025-12-14 12:13:12 DEBUG PackageRelationshipCollection:307 - Parsing relationship: /xl/_rels/workbook.xml.rels
2025-12-14 12:13:12 DEBUG PackageRelationshipCollection:307 - Parsing relationship: /xl/worksheets/_rels/sheet1.xml.rels
2025-12-14 12:13:12 DEBUG PackageRelationshipCollection:307 - Parsing relationship: /_rels/.rels
2025-12-14 12:13:12 DEBUG PackageRelationshipCollection:307 - Parsing relationship: /xl/_rels/workbook.xml.rels
2025-12-14 12:13:12 DEBUG PackageRelationshipCollection:307 - Parsing relationship: /xl/worksheets/_rels/sheet1.xml.rels
2025-12-14 12:13:12 DEBUG PackageRelationshipCollection:307 - Parsing relationship: /_rels/.rels
2025-12-14 12:13:12 DEBUG PackageRelationshipCollection:307 - Parsing relationship: /xl/_rels/workbook.xml.rels
2025-12-14 12:13:12 DEBUG PackageRelationshipCollection:307 - Parsing relationship: /xl/worksheets/_rels/sheet1.xml.rels
2025-12-14 12:13:12 DEBUG PackageRelationshipCollection:307 - Parsing relationship: /_rels/.rels
2025-12-14 12:13:12 DEBUG PackageRelationshipCollection:307 - Parsing relationship: /xl/_rels/workbook.xml.rels
2025-12-14 12:13:12 DEBUG PackageRelationshipCollection:307 - Parsing relationship: /xl/worksheets/_rels/sheet1.xml.rels
2025-12-14 12:13:12 DEBUG PackageRelationshipCollection:307 - Parsing relationship: /_rels/.rels
2025-12-14 12:13:12 DEBUG PackageRelationshipCollection:307 - Parsing relationship: /xl/_rels/workbook.xml.rels
2025-12-14 12:13:12 DEBUG PackageRelationshipCollection:307 - Parsing relationship: /xl/worksheets/_rels/sheet1.xml.rels
2025-12-14 12:13:12 DEBUG PackageRelationshipCollection:307 - Parsing relationship: /_rels/.rels
2025-12-14 12:13:12 DEBUG PackageRelationshipCollection:307 - Parsing relationship: /xl/_rels/workbook.xml.rels
2025-12-14 12:13:12 DEBUG PackageRelationshipCollection:307 - Parsing relationship: /xl/worksheets/_rels/sheet1.xml.rels
2025-12-14 12:13:12 DEBUG PackageRelationshipCollection:307 - Parsing relationship: /_rels/.rels
2025-12-14 12:13:12 DEBUG PackageRelationshipCollection:307 - Parsing relationship: /xl/_rels/workbook.xml.rels
2025-12-14 12:13:12 DEBUG PackageRelationshipCollection:307 - Parsing relationship: /xl/worksheets/_rels/sheet1.xml.rels
2025-12-14 12:13:12 DEBUG PackageRelationshipCollection:307 - Parsing relationship: /_rels/.rels
2025-12-14 12:13:12 DEBUG PackageRelationshipCollection:307 - Parsing relationship: /xl/_rels/workbook.xml.rels
2025-12-14 12:13:12 DEBUG PackageRelationshipCollection:307 - Parsing relationship: /xl/worksheets/_rels/sheet1.xml.rels
2025-12-14 12:13:12 DEBUG PackageRelationshipCollection:307 - Parsing relationship: /_rels/.rels
2025-12-14 12:13:12 DEBUG PackageRelationshipCollection:307 - Parsing relationship: /xl/_rels/workbook.xml.rels
2025-12-14 12:13:12 DEBUG PackageRelationshipCollection:307 - Parsing relationship: /xl/worksheets/_rels/sheet1.xml.rels
2025-12-14 12:13:12 DEBUG PackageRelationshipCollection:307 - Parsing relationship: /_rels/.rels
2025-12-14 12:13:12 DEBUG PackageRelationshipCollection:307 - Parsing relationship: /xl/_rels/workbook.xml.rels
2025-12-14 12:13:12 DEBUG PackageRelationshipCollection:307 - Parsing relationship: /xl/worksheets/_rels/sheet1.xml.rels
2025-12-14 12:13:12 DEBUG PackageRelationshipCollection:307 - Parsing relationship: /_rels/.rels
2025-12-14 12:13:12 DEBUG PackageRelationshipCollection:307 - Parsing relationship: /xl/_rels/workbook.xml.rels
2025-12-14 12:13:12 DEBUG PackageRelationshipCollection:307 - Parsing relationship: /xl/worksheets/_rels/sheet1.xml.rels
2025-12-14 12:13:12 DEBUG PackageRelationshipCollection:307 - Parsing relationship: /_rels/.rels
2025-12-14 12:13:12 DEBUG PackageRelationshipCollection:307 - Parsing relationship: /xl/_rels/workbook.xml.rels
2025-12-14 12:13:12 DEBUG PackageRelationshipCollection:307 - Parsing relationship: /xl/worksheets/_rels/sheet1.xml.rels
2025-12-14 12:13:12 DEBUG PackageRelationshipCollection:307 - Parsing relationship: /_rels/.rels
2025-12-14 12:13:12 DEBUG PackageRelationshipCollection:307 - Parsing relationship: /xl/_rels/workbook.xml.rels
2025-12-14 12:13:12 DEBUG PackageRelationshipCollection:307 - Parsing relationship: /xl/worksheets/_rels/sheet1.xml.rels
2025-12-14 12:13:12 DEBUG PackageRelationshipCollection:307 - Parsing relationship: /_rels/.rels
2025-12-14 12:13:12 DEBUG PackageRelationshipCollection:307 - Parsing relationship: /xl/_rels/workbook.xml.rels
2025-12-14 12:13:12 DEBUG PackageRelationshipCollection:307 - Parsing relationship: /xl/worksheets/_rels/sheet1.xml.rels
2025-12-14 12:13:12 DEBUG PackageRelationshipCollection:307 - Parsing relationship: /_rels/.rels
2025-12-14 12:13:12 DEBUG PackageRelationshipCollection:307 - Parsing relationship: /xl/_rels/workbook.xml.rels
2025-12-14 12:13:12 DEBUG PackageRelationshipCollection:307 - Parsing relationship: /xl/worksheets/_rels/sheet1.xml.rels
2025-12-14 12:13:12 DEBUG PackageRelationshipCollection:307 - Parsing relationship: /_rels/.rels
2025-12-14 12:13:12 DEBUG PackageRelationshipCollection:307 - Parsing relationship: /xl/_rels/workbook.xml.rels
2025-12-14 12:13:12 DEBUG PackageRelationshipCollection:307 - Parsing relationship: /xl/worksheets/_rels/sheet1.xml.rels
2025-12-14 12:13:12 DEBUG PackageRelationshipCollection:307 - Parsing relationship: /_rels/.rels
2025-12-14 12:13:12 INFO  TC003_LoginDataDrivenTest:18 - Starting DDT
2025-12-14 12:13:22 INFO  TC003_LoginDataDrivenTest:18 - Starting DDT
2025-12-14 12:13:32 INFO  TC003_LoginDataDrivenTest:18 - Starting DDT
2025-12-14 12:13:51 INFO  TC003_LoginDataDrivenTest:18 - Starting DDT
2025-12-14 12:13:54 INFO  TC003_LoginDataDrivenTest:18 - Starting DDT
2025-12-14 12:15:42 DEBUG PackageRelationshipCollection:307 - Parsing relationship: /xl/_rels/workbook.xml.rels
2025-12-14 12:15:42 DEBUG PackageRelationshipCollection:307 - Parsing relationship: /xl/worksheets/_rels/sheet1.xml.rels
2025-12-14 12:15:42 DEBUG PackageRelationshipCollection:307 - Parsing relationship: /_rels/.rels
2025-12-14 12:15:42 DEBUG PackageRelationshipCollection:307 - Parsing relationship: /xl/_rels/workbook.xml.rels
2025-12-14 12:15:42 DEBUG PackageRelationshipCollection:307 - Parsing relationship: /xl/worksheets/_rels/sheet1.xml.rels
2025-12-14 12:15:42 DEBUG PackageRelationshipCollection:307 - Parsing relationship: /_rels/.rels
2025-12-14 12:15:42 DEBUG PackageRelationshipCollection:307 - Parsing relationship: /xl/_rels/workbook.xml.rels
2025-12-14 12:15:42 DEBUG PackageRelationshipCollection:307 - Parsing relationship: /xl/worksheets/_rels/sheet1.xml.rels
2025-12-14 12:15:42 DEBUG PackageRelationshipCollection:307 - Parsing relationship: /_rels/.rels
2025-12-14 12:15:42 DEBUG PackageRelationshipCollection:307 - Parsing relationship: /xl/_rels/workbook.xml.rels
2025-12-14 12:15:42 DEBUG PackageRelationshipCollection:307 - Parsing relationship: /xl/worksheets/_rels/sheet1.xml.rels
2025-12-14 12:15:42 DEBUG PackageRelationshipCollection:307 - Parsing relationship: /_rels/.rels
2025-12-14 12:15:42 DEBUG PackageRelationshipCollection:307 - Parsing relationship: /xl/_rels/workbook.xml.rels
2025-12-14 12:15:42 DEBUG PackageRelationshipCollection:307 - Parsing relationship: /xl/worksheets/_rels/sheet1.xml.rels
2025-12-14 12:15:42 DEBUG PackageRelationshipCollection:307 - Parsing relationship: /_rels/.rels
2025-12-14 12:15:42 DEBUG PackageRelationshipCollection:307 - Parsing relationship: /xl/_rels/workbook.xml.rels
2025-12-14 12:15:42 DEBUG PackageRelationshipCollection:307 - Parsing relationship: /xl/worksheets/_rels/sheet1.xml.rels
2025-12-14 12:15:42 DEBUG PackageRelationshipCollection:307 - Parsing relationship: /_rels/.rels
2025-12-14 12:15:42 DEBUG PackageRelationshipCollection:307 - Parsing relationship: /xl/_rels/workbook.xml.rels
2025-12-14 12:15:42 DEBUG PackageRelationshipCollection:307 - Parsing relationship: /xl/worksheets/_rels/sheet1.xml.rels
2025-12-14 12:15:42 DEBUG PackageRelationshipCollection:307 - Parsing relationship: /_rels/.rels
2025-12-14 12:15:42 DEBUG PackageRelationshipCollection:307 - Parsing relationship: /xl/_rels/workbook.xml.rels
2025-12-14 12:15:42 DEBUG PackageRelationshipCollection:307 - Parsing relationship: /xl/worksheets/_rels/sheet1.xml.rels
2025-12-14 12:15:42 DEBUG PackageRelationshipCollection:307 - Parsing relationship: /_rels/.rels
2025-12-14 12:15:42 DEBUG PackageRelationshipCollection:307 - Parsing relationship: /xl/_rels/workbook.xml.rels
2025-12-14 12:15:42 DEBUG PackageRelationshipCollection:307 - Parsing relationship: /xl/worksheets/_rels/sheet1.xml.rels
2025-12-14 12:15:42 DEBUG PackageRelationshipCollection:307 - Parsing relationship: /_rels/.rels
2025-12-14 12:15:42 DEBUG PackageRelationshipCollection:307 - Parsing relationship: /xl/_rels/workbook.xml.rels
2025-12-14 12:15:42 DEBUG PackageRelationshipCollection:307 - Parsing relationship: /xl/worksheets/_rels/sheet1.xml.rels
2025-12-14 12:15:42 DEBUG PackageRelationshipCollection:307 - Parsing relationship: /_rels/.rels
2025-12-14 12:15:42 DEBUG PackageRelationshipCollection:307 - Parsing relationship: /xl/_rels/workbook.xml.rels
2025-12-14 12:15:42 DEBUG PackageRelationshipCollection:307 - Parsing relationship: /xl/worksheets/_rels/sheet1.xml.rels
2025-12-14 12:15:42 DEBUG PackageRelationshipCollection:307 - Parsing relationship: /_rels/.rels
2025-12-14 12:15:42 DEBUG PackageRelationshipCollection:307 - Parsing relationship: /xl/_rels/workbook.xml.rels
2025-12-14 12:15:42 DEBUG PackageRelationshipCollection:307 - Parsing relationship: /xl/worksheets/_rels/sheet1.xml.rels
2025-12-14 12:15:43 DEBUG PackageRelationshipCollection:307 - Parsing relationship: /_rels/.rels
2025-12-14 12:15:43 DEBUG PackageRelationshipCollection:307 - Parsing relationship: /xl/_rels/workbook.xml.rels
2025-12-14 12:15:43 DEBUG PackageRelationshipCollection:307 - Parsing relationship: /xl/worksheets/_rels/sheet1.xml.rels
2025-12-14 12:15:43 DEBUG PackageRelationshipCollection:307 - Parsing relationship: /_rels/.rels
2025-12-14 12:15:43 DEBUG PackageRelationshipCollection:307 - Parsing relationship: /xl/_rels/workbook.xml.rels
2025-12-14 12:15:43 DEBUG PackageRelationshipCollection:307 - Parsing relationship: /xl/worksheets/_rels/sheet1.xml.rels
2025-12-14 12:15:43 DEBUG PackageRelationshipCollection:307 - Parsing relationship: /_rels/.rels
2025-12-14 12:15:43 DEBUG PackageRelationshipCollection:307 - Parsing relationship: /xl/_rels/workbook.xml.rels
2025-12-14 12:15:43 DEBUG PackageRelationshipCollection:307 - Parsing relationship: /xl/worksheets/_rels/sheet1.xml.rels
2025-12-14 12:15:43 DEBUG PackageRelationshipCollection:307 - Parsing relationship: /_rels/.rels
2025-12-14 12:15:43 DEBUG PackageRelationshipCollection:307 - Parsing relationship: /xl/_rels/workbook.xml.rels
2025-12-14 12:15:43 DEBUG PackageRelationshipCollection:307 - Parsing relationship: /xl/worksheets/_rels/sheet1.xml.rels
2025-12-14 12:15:43 DEBUG PackageRelationshipCollection:307 - Parsing relationship: /_rels/.rels
2025-12-14 12:15:43 DEBUG PackageRelationshipCollection:307 - Parsing relationship: /xl/_rels/workbook.xml.rels
2025-12-14 12:15:43 DEBUG PackageRelationshipCollection:307 - Parsing relationship: /xl/worksheets/_rels/sheet1.xml.rels
2025-12-14 12:15:43 DEBUG PackageRelationshipCollection:307 - Parsing relationship: /_rels/.rels
2025-12-14 12:15:43 INFO  TC003_LoginDataDrivenTest:18 - Starting DDT
2025-12-14 12:15:43 INFO  TC003_LoginDataDrivenTest:18 - Starting DDT
2025-12-14 12:15:53 INFO  TC003_LoginDataDrivenTest:18 - Starting DDT
2025-12-14 12:16:04 INFO  TC003_LoginDataDrivenTest:18 - Starting DDT
2025-12-14 12:16:04 INFO  TC003_LoginDataDrivenTest:18 - Starting DDT
2025-12-14 12:22:29 DEBUG PackageRelationshipCollection:307 - Parsing relationship: /xl/_rels/workbook.xml.rels
2025-12-14 12:22:29 DEBUG PackageRelationshipCollection:307 - Parsing relationship: /xl/worksheets/_rels/sheet1.xml.rels
2025-12-14 12:22:29 DEBUG PackageRelationshipCollection:307 - Parsing relationship: /_rels/.rels
2025-12-14 12:22:29 DEBUG PackageRelationshipCollection:307 - Parsing relationship: /xl/_rels/workbook.xml.rels
2025-12-14 12:22:29 DEBUG PackageRelationshipCollection:307 - Parsing relationship: /xl/worksheets/_rels/sheet1.xml.rels
2025-12-14 12:22:29 DEBUG PackageRelationshipCollection:307 - Parsing relationship: /_rels/.rels
2025-12-14 12:22:29 DEBUG PackageRelationshipCollection:307 - Parsing relationship: /xl/_rels/workbook.xml.rels
2025-12-14 12:22:29 DEBUG PackageRelationshipCollection:307 - Parsing relationship: /xl/worksheets/_rels/sheet1.xml.rels
2025-12-14 12:22:29 DEBUG PackageRelationshipCollection:307 - Parsing relationship: /_rels/.rels
2025-12-14 12:22:29 DEBUG PackageRelationshipCollection:307 - Parsing relationship: /xl/_rels/workbook.xml.rels
2025-12-14 12:22:29 DEBUG PackageRelationshipCollection:307 - Parsing relationship: /xl/worksheets/_rels/sheet1.xml.rels
2025-12-14 12:22:29 DEBUG PackageRelationshipCollection:307 - Parsing relationship: /_rels/.rels
2025-12-14 12:22:29 DEBUG PackageRelationshipCollection:307 - Parsing relationship: /xl/_rels/workbook.xml.rels
2025-12-14 12:22:29 DEBUG PackageRelationshipCollection:307 - Parsing relationship: /xl/worksheets/_rels/sheet1.xml.rels
2025-12-14 12:22:29 DEBUG PackageRelationshipCollection:307 - Parsing relationship: /_rels/.rels
2025-12-14 12:22:29 DEBUG PackageRelationshipCollection:307 - Parsing relationship: /xl/_rels/workbook.xml.rels
2025-12-14 12:22:29 DEBUG PackageRelationshipCollection:307 - Parsing relationship: /xl/worksheets/_rels/sheet1.xml.rels
2025-12-14 12:22:29 DEBUG PackageRelationshipCollection:307 - Parsing relationship: /_rels/.rels
2025-12-14 12:22:29 DEBUG PackageRelationshipCollection:307 - Parsing relationship: /xl/_rels/workbook.xml.rels
2025-12-14 12:22:29 DEBUG PackageRelationshipCollection:307 - Parsing relationship: /xl/worksheets/_rels/sheet1.xml.rels
2025-12-14 12:22:29 DEBUG PackageRelationshipCollection:307 - Parsing relationship: /_rels/.rels
2025-12-14 12:22:29 DEBUG PackageRelationshipCollection:307 - Parsing relationship: /xl/_rels/workbook.xml.rels
2025-12-14 12:22:29 DEBUG PackageRelationshipCollection:307 - Parsing relationship: /xl/worksheets/_rels/sheet1.xml.rels
2025-12-14 12:22:29 DEBUG PackageRelationshipCollection:307 - Parsing relationship: /_rels/.rels
2025-12-14 12:22:29 DEBUG PackageRelationshipCollection:307 - Parsing relationship: /xl/_rels/workbook.xml.rels
2025-12-14 12:22:29 DEBUG PackageRelationshipCollection:307 - Parsing relationship: /xl/worksheets/_rels/sheet1.xml.rels
2025-12-14 12:22:29 DEBUG PackageRelationshipCollection:307 - Parsing relationship: /_rels/.rels
2025-12-14 12:22:29 DEBUG PackageRelationshipCollection:307 - Parsing relationship: /xl/_rels/workbook.xml.rels
2025-12-14 12:22:29 DEBUG PackageRelationshipCollection:307 - Parsing relationship: /xl/worksheets/_rels/sheet1.xml.rels
2025-12-14 12:22:29 DEBUG PackageRelationshipCollection:307 - Parsing relationship: /_rels/.rels
2025-12-14 12:22:29 DEBUG PackageRelationshipCollection:307 - Parsing relationship: /xl/_rels/workbook.xml.rels
2025-12-14 12:22:29 DEBUG PackageRelationshipCollection:307 - Parsing relationship: /xl/worksheets/_rels/sheet1.xml.rels
2025-12-14 12:22:29 DEBUG PackageRelationshipCollection:307 - Parsing relationship: /_rels/.rels
2025-12-14 12:22:29 DEBUG PackageRelationshipCollection:307 - Parsing relationship: /xl/_rels/workbook.xml.rels
2025-12-14 12:22:29 DEBUG PackageRelationshipCollection:307 - Parsing relationship: /xl/worksheets/_rels/sheet1.xml.rels
2025-12-14 12:22:29 DEBUG PackageRelationshipCollection:307 - Parsing relationship: /_rels/.rels
2025-12-14 12:22:29 DEBUG PackageRelationshipCollection:307 - Parsing relationship: /xl/_rels/workbook.xml.rels
2025-12-14 12:22:29 DEBUG PackageRelationshipCollection:307 - Parsing relationship: /xl/worksheets/_rels/sheet1.xml.rels
2025-12-14 12:22:29 DEBUG PackageRelationshipCollection:307 - Parsing relationship: /_rels/.rels
2025-12-14 12:22:30 DEBUG PackageRelationshipCollection:307 - Parsing relationship: /xl/_rels/workbook.xml.rels
2025-12-14 12:22:30 DEBUG PackageRelationshipCollection:307 - Parsing relationship: /xl/worksheets/_rels/sheet1.xml.rels
2025-12-14 12:22:30 DEBUG PackageRelationshipCollection:307 - Parsing relationship: /_rels/.rels
2025-12-14 12:22:30 DEBUG PackageRelationshipCollection:307 - Parsing relationship: /xl/_rels/workbook.xml.rels
2025-12-14 12:22:30 DEBUG PackageRelationshipCollection:307 - Parsing relationship: /xl/worksheets/_rels/sheet1.xml.rels
2025-12-14 12:22:30 DEBUG PackageRelationshipCollection:307 - Parsing relationship: /_rels/.rels
2025-12-14 12:22:30 DEBUG PackageRelationshipCollection:307 - Parsing relationship: /xl/_rels/workbook.xml.rels
2025-12-14 12:22:30 DEBUG PackageRelationshipCollection:307 - Parsing relationship: /xl/worksheets/_rels/sheet1.xml.rels
2025-12-14 12:22:30 DEBUG PackageRelationshipCollection:307 - Parsing relationship: /_rels/.rels
2025-12-14 12:22:30 DEBUG PackageRelationshipCollection:307 - Parsing relationship: /xl/_rels/workbook.xml.rels
2025-12-14 12:22:30 DEBUG PackageRelationshipCollection:307 - Parsing relationship: /xl/worksheets/_rels/sheet1.xml.rels
2025-12-14 12:22:30 DEBUG PackageRelationshipCollection:307 - Parsing relationship: /_rels/.rels
2025-12-14 12:22:30 INFO  TC003_LoginDataDrivenTest:18 - Starting DDT
2025-12-14 12:22:30 INFO  TC003_LoginDataDrivenTest:18 - Starting DDT
2025-12-14 12:22:40 INFO  TC003_LoginDataDrivenTest:18 - Starting DDT
2025-12-14 12:22:50 INFO  TC003_LoginDataDrivenTest:18 - Starting DDT
2025-12-14 12:23:01 INFO  TC003_LoginDataDrivenTest:18 - Starting DDT
2025-12-14 12:24:09 DEBUG PackageRelationshipCollection:307 - Parsing relationship: /xl/_rels/workbook.xml.rels
2025-12-14 12:24:09 DEBUG PackageRelationshipCollection:307 - Parsing relationship: /xl/worksheets/_rels/sheet1.xml.rels
2025-12-14 12:24:09 DEBUG PackageRelationshipCollection:307 - Parsing relationship: /_rels/.rels
2025-12-14 12:24:09 DEBUG PackageRelationshipCollection:307 - Parsing relationship: /xl/_rels/workbook.xml.rels
2025-12-14 12:24:09 DEBUG PackageRelationshipCollection:307 - Parsing relationship: /xl/worksheets/_rels/sheet1.xml.rels
2025-12-14 12:24:09 DEBUG PackageRelationshipCollection:307 - Parsing relationship: /_rels/.rels
2025-12-14 12:24:09 DEBUG PackageRelationshipCollection:307 - Parsing relationship: /xl/_rels/workbook.xml.rels
2025-12-14 12:24:09 DEBUG PackageRelationshipCollection:307 - Parsing relationship: /xl/worksheets/_rels/sheet1.xml.rels
2025-12-14 12:24:09 DEBUG PackageRelationshipCollection:307 - Parsing relationship: /_rels/.rels
2025-12-14 12:24:09 DEBUG PackageRelationshipCollection:307 - Parsing relationship: /xl/_rels/workbook.xml.rels
2025-12-14 12:24:09 DEBUG PackageRelationshipCollection:307 - Parsing relationship: /xl/worksheets/_rels/sheet1.xml.rels
2025-12-14 12:24:09 DEBUG PackageRelationshipCollection:307 - Parsing relationship: /_rels/.rels
2025-12-14 12:24:09 DEBUG PackageRelationshipCollection:307 - Parsing relationship: /xl/_rels/workbook.xml.rels
2025-12-14 12:24:09 DEBUG PackageRelationshipCollection:307 - Parsing relationship: /xl/worksheets/_rels/sheet1.xml.rels
2025-12-14 12:24:09 DEBUG PackageRelationshipCollection:307 - Parsing relationship: /_rels/.rels
2025-12-14 12:24:09 DEBUG PackageRelationshipCollection:307 - Parsing relationship: /xl/_rels/workbook.xml.rels
2025-12-14 12:24:09 DEBUG PackageRelationshipCollection:307 - Parsing relationship: /xl/worksheets/_rels/sheet1.xml.rels
2025-12-14 12:24:09 DEBUG PackageRelationshipCollection:307 - Parsing relationship: /_rels/.rels
2025-12-14 12:24:09 DEBUG PackageRelationshipCollection:307 - Parsing relationship: /xl/_rels/workbook.xml.rels
2025-12-14 12:24:09 DEBUG PackageRelationshipCollection:307 - Parsing relationship: /xl/worksheets/_rels/sheet1.xml.rels
2025-12-14 12:24:09 DEBUG PackageRelationshipCollection:307 - Parsing relationship: /_rels/.rels
2025-12-14 12:24:09 DEBUG PackageRelationshipCollection:307 - Parsing relationship: /xl/_rels/workbook.xml.rels
2025-12-14 12:24:09 DEBUG PackageRelationshipCollection:307 - Parsing relationship: /xl/worksheets/_rels/sheet1.xml.rels
2025-12-14 12:24:09 DEBUG PackageRelationshipCollection:307 - Parsing relationship: /_rels/.rels
2025-12-14 12:24:09 DEBUG PackageRelationshipCollection:307 - Parsing relationship: /xl/_rels/workbook.xml.rels
2025-12-14 12:24:09 DEBUG PackageRelationshipCollection:307 - Parsing relationship: /xl/worksheets/_rels/sheet1.xml.rels
2025-12-14 12:24:09 DEBUG PackageRelationshipCollection:307 - Parsing relationship: /_rels/.rels
2025-12-14 12:24:09 DEBUG PackageRelationshipCollection:307 - Parsing relationship: /xl/_rels/workbook.xml.rels
2025-12-14 12:24:09 DEBUG PackageRelationshipCollection:307 - Parsing relationship: /xl/worksheets/_rels/sheet1.xml.rels
2025-12-14 12:24:09 DEBUG PackageRelationshipCollection:307 - Parsing relationship: /_rels/.rels
2025-12-14 12:24:09 DEBUG PackageRelationshipCollection:307 - Parsing relationship: /xl/_rels/workbook.xml.rels
2025-12-14 12:24:09 DEBUG PackageRelationshipCollection:307 - Parsing relationship: /xl/worksheets/_rels/sheet1.xml.rels
2025-12-14 12:24:09 DEBUG PackageRelationshipCollection:307 - Parsing relationship: /_rels/.rels
2025-12-14 12:24:09 DEBUG PackageRelationshipCollection:307 - Parsing relationship: /xl/_rels/workbook.xml.rels
2025-12-14 12:24:09 DEBUG PackageRelationshipCollection:307 - Parsing relationship: /xl/worksheets/_rels/sheet1.xml.rels
2025-12-14 12:24:09 DEBUG PackageRelationshipCollection:307 - Parsing relationship: /_rels/.rels
2025-12-14 12:24:09 DEBUG PackageRelationshipCollection:307 - Parsing relationship: /xl/_rels/workbook.xml.rels
2025-12-14 12:24:09 DEBUG PackageRelationshipCollection:307 - Parsing relationship: /xl/worksheets/_rels/sheet1.xml.rels
2025-12-14 12:24:09 DEBUG PackageRelationshipCollection:307 - Parsing relationship: /_rels/.rels
2025-12-14 12:24:09 DEBUG PackageRelationshipCollection:307 - Parsing relationship: /xl/_rels/workbook.xml.rels
2025-12-14 12:24:09 DEBUG PackageRelationshipCollection:307 - Parsing relationship: /xl/worksheets/_rels/sheet1.xml.rels
2025-12-14 12:24:09 DEBUG PackageRelationshipCollection:307 - Parsing relationship: /_rels/.rels
2025-12-14 12:24:09 DEBUG PackageRelationshipCollection:307 - Parsing relationship: /xl/_rels/workbook.xml.rels
2025-12-14 12:24:09 DEBUG PackageRelationshipCollection:307 - Parsing relationship: /xl/worksheets/_rels/sheet1.xml.rels
2025-12-14 12:24:09 DEBUG PackageRelationshipCollection:307 - Parsing relationship: /_rels/.rels
2025-12-14 12:24:09 DEBUG PackageRelationshipCollection:307 - Parsing relationship: /xl/_rels/workbook.xml.rels
2025-12-14 12:24:09 DEBUG PackageRelationshipCollection:307 - Parsing relationship: /xl/worksheets/_rels/sheet1.xml.rels
2025-12-14 12:24:09 DEBUG PackageRelationshipCollection:307 - Parsing relationship: /_rels/.rels
2025-12-14 12:24:09 DEBUG PackageRelationshipCollection:307 - Parsing relationship: /xl/_rels/workbook.xml.rels
2025-12-14 12:24:09 DEBUG PackageRelationshipCollection:307 - Parsing relationship: /xl/worksheets/_rels/sheet1.xml.rels
2025-12-14 12:24:09 DEBUG PackageRelationshipCollection:307 - Parsing relationship: /_rels/.rels
2025-12-14 12:24:09 INFO  TC003_LoginDataDrivenTest:18 - Starting DDT
2025-12-14 12:24:09 INFO  TC003_LoginDataDrivenTest:18 - Starting DDT
2025-12-14 12:24:20 INFO  TC003_LoginDataDrivenTest:18 - Starting DDT
2025-12-14 12:24:33 INFO  TC003_LoginDataDrivenTest:18 - Starting DDT
2025-12-14 12:24:34 INFO  TC003_LoginDataDrivenTest:18 - Starting DDT
2025-12-14 12:26:30 DEBUG PackageRelationshipCollection:307 - Parsing relationship: /xl/_rels/workbook.xml.rels
2025-12-14 12:26:30 DEBUG PackageRelationshipCollection:307 - Parsing relationship: /xl/worksheets/_rels/sheet1.xml.rels
2025-12-14 12:26:30 DEBUG PackageRelationshipCollection:307 - Parsing relationship: /_rels/.rels
2025-12-14 12:26:31 DEBUG PackageRelationshipCollection:307 - Parsing relationship: /xl/_rels/workbook.xml.rels
2025-12-14 12:26:31 DEBUG PackageRelationshipCollection:307 - Parsing relationship: /xl/worksheets/_rels/sheet1.xml.rels
2025-12-14 12:26:31 DEBUG PackageRelationshipCollection:307 - Parsing relationship: /_rels/.rels
2025-12-14 12:26:31 DEBUG PackageRelationshipCollection:307 - Parsing relationship: /xl/_rels/workbook.xml.rels
2025-12-14 12:26:31 DEBUG PackageRelationshipCollection:307 - Parsing relationship: /xl/worksheets/_rels/sheet1.xml.rels
2025-12-14 12:26:31 DEBUG PackageRelationshipCollection:307 - Parsing relationship: /_rels/.rels
2025-12-14 12:26:31 DEBUG PackageRelationshipCollection:307 - Parsing relationship: /xl/_rels/workbook.xml.rels
2025-12-14 12:26:31 DEBUG PackageRelationshipCollection:307 - Parsing relationship: /xl/worksheets/_rels/sheet1.xml.rels
2025-12-14 12:26:31 DEBUG PackageRelationshipCollection:307 - Parsing relationship: /_rels/.rels
2025-12-14 12:26:31 DEBUG PackageRelationshipCollection:307 - Parsing relationship: /xl/_rels/workbook.xml.rels
2025-12-14 12:26:31 DEBUG PackageRelationshipCollection:307 - Parsing relationship: /xl/worksheets/_rels/sheet1.xml.rels
2025-12-14 12:26:31 DEBUG PackageRelationshipCollection:307 - Parsing relationship: /_rels/.rels
2025-12-14 12:26:31 DEBUG PackageRelationshipCollection:307 - Parsing relationship: /xl/_rels/workbook.xml.rels
2025-12-14 12:26:31 DEBUG PackageRelationshipCollection:307 - Parsing relationship: /xl/worksheets/_rels/sheet1.xml.rels
2025-12-14 12:26:31 DEBUG PackageRelationshipCollection:307 - Parsing relationship: /_rels/.rels
2025-12-14 12:26:31 DEBUG PackageRelationshipCollection:307 - Parsing relationship: /xl/_rels/workbook.xml.rels
2025-12-14 12:26:31 DEBUG PackageRelationshipCollection:307 - Parsing relationship: /xl/worksheets/_rels/sheet1.xml.rels
2025-12-14 12:26:31 DEBUG PackageRelationshipCollection:307 - Parsing relationship: /_rels/.rels
2025-12-14 12:26:31 DEBUG PackageRelationshipCollection:307 - Parsing relationship: /xl/_rels/workbook.xml.rels
2025-12-14 12:26:31 DEBUG PackageRelationshipCollection:307 - Parsing relationship: /xl/worksheets/_rels/sheet1.xml.rels
2025-12-14 12:26:31 DEBUG PackageRelationshipCollection:307 - Parsing relationship: /_rels/.rels
2025-12-14 12:26:31 DEBUG PackageRelationshipCollection:307 - Parsing relationship: /xl/_rels/workbook.xml.rels
2025-12-14 12:26:31 DEBUG PackageRelationshipCollection:307 - Parsing relationship: /xl/worksheets/_rels/sheet1.xml.rels
2025-12-14 12:26:31 DEBUG PackageRelationshipCollection:307 - Parsing relationship: /_rels/.rels
2025-12-14 12:26:31 DEBUG PackageRelationshipCollection:307 - Parsing relationship: /xl/_rels/workbook.xml.rels
2025-12-14 12:26:31 DEBUG PackageRelationshipCollection:307 - Parsing relationship: /xl/worksheets/_rels/sheet1.xml.rels
2025-12-14 12:26:31 DEBUG PackageRelationshipCollection:307 - Parsing relationship: /_rels/.rels
2025-12-14 12:26:31 DEBUG PackageRelationshipCollection:307 - Parsing relationship: /xl/_rels/workbook.xml.rels
2025-12-14 12:26:31 DEBUG PackageRelationshipCollection:307 - Parsing relationship: /xl/worksheets/_rels/sheet1.xml.rels
2025-12-14 12:26:31 DEBUG PackageRelationshipCollection:307 - Parsing relationship: /_rels/.rels
2025-12-14 12:26:31 DEBUG PackageRelationshipCollection:307 - Parsing relationship: /xl/_rels/workbook.xml.rels
2025-12-14 12:26:31 DEBUG PackageRelationshipCollection:307 - Parsing relationship: /xl/worksheets/_rels/sheet1.xml.rels
2025-12-14 12:26:31 DEBUG PackageRelationshipCollection:307 - Parsing relationship: /_rels/.rels
2025-12-14 12:26:31 DEBUG PackageRelationshipCollection:307 - Parsing relationship: /xl/_rels/workbook.xml.rels
2025-12-14 12:26:31 DEBUG PackageRelationshipCollection:307 - Parsing relationship: /xl/worksheets/_rels/sheet1.xml.rels
2025-12-14 12:26:31 DEBUG PackageRelationshipCollection:307 - Parsing relationship: /_rels/.rels
2025-12-14 12:26:31 DEBUG PackageRelationshipCollection:307 - Parsing relationship: /xl/_rels/workbook.xml.rels
2025-12-14 12:26:31 DEBUG PackageRelationshipCollection:307 - Parsing relationship: /xl/worksheets/_rels/sheet1.xml.rels
2025-12-14 12:26:31 DEBUG PackageRelationshipCollection:307 - Parsing relationship: /_rels/.rels
2025-12-14 12:26:31 DEBUG PackageRelationshipCollection:307 - Parsing relationship: /xl/_rels/workbook.xml.rels
2025-12-14 12:26:31 DEBUG PackageRelationshipCollection:307 - Parsing relationship: /xl/worksheets/_rels/sheet1.xml.rels
2025-12-14 12:26:31 DEBUG PackageRelationshipCollection:307 - Parsing relationship: /_rels/.rels
2025-12-14 12:26:31 DEBUG PackageRelationshipCollection:307 - Parsing relationship: /xl/_rels/workbook.xml.rels
2025-12-14 12:26:31 DEBUG PackageRelationshipCollection:307 - Parsing relationship: /xl/worksheets/_rels/sheet1.xml.rels
2025-12-14 12:26:31 DEBUG PackageRelationshipCollection:307 - Parsing relationship: /_rels/.rels
2025-12-14 12:26:31 DEBUG PackageRelationshipCollection:307 - Parsing relationship: /xl/_rels/workbook.xml.rels
2025-12-14 12:26:31 DEBUG PackageRelationshipCollection:307 - Parsing relationship: /xl/worksheets/_rels/sheet1.xml.rels
2025-12-14 12:26:31 DEBUG PackageRelationshipCollection:307 - Parsing relationship: /_rels/.rels
2025-12-14 12:26:31 INFO  TC003_LoginDataDrivenTest:18 - Starting DDT
2025-12-14 12:26:31 INFO  TC003_LoginDataDrivenTest:18 - Starting DDT
2025-12-14 12:26:42 INFO  TC003_LoginDataDrivenTest:18 - Starting DDT
2025-12-14 12:26:52 INFO  TC003_LoginDataDrivenTest:18 - Starting DDT
2025-12-14 12:27:02 INFO  TC003_LoginDataDrivenTest:18 - Starting DDT
2025-12-14 12:29:55 DEBUG PackageRelationshipCollection:307 - Parsing relationship: /xl/_rels/workbook.xml.rels
2025-12-14 12:29:55 DEBUG PackageRelationshipCollection:307 - Parsing relationship: /xl/worksheets/_rels/sheet1.xml.rels
2025-12-14 12:29:55 DEBUG PackageRelationshipCollection:307 - Parsing relationship: /_rels/.rels
2025-12-14 12:29:55 DEBUG PackageRelationshipCollection:307 - Parsing relationship: /xl/_rels/workbook.xml.rels
2025-12-14 12:29:55 DEBUG PackageRelationshipCollection:307 - Parsing relationship: /xl/worksheets/_rels/sheet1.xml.rels
2025-12-14 12:29:55 DEBUG PackageRelationshipCollection:307 - Parsing relationship: /_rels/.rels
2025-12-14 12:29:55 DEBUG PackageRelationshipCollection:307 - Parsing relationship: /xl/_rels/workbook.xml.rels
2025-12-14 12:29:55 DEBUG PackageRelationshipCollection:307 - Parsing relationship: /xl/worksheets/_rels/sheet1.xml.rels
2025-12-14 12:29:55 DEBUG PackageRelationshipCollection:307 - Parsing relationship: /_rels/.rels
2025-12-14 12:29:55 DEBUG PackageRelationshipCollection:307 - Parsing relationship: /xl/_rels/workbook.xml.rels
2025-12-14 12:29:55 DEBUG PackageRelationshipCollection:307 - Parsing relationship: /xl/worksheets/_rels/sheet1.xml.rels
2025-12-14 12:29:55 DEBUG PackageRelationshipCollection:307 - Parsing relationship: /_rels/.rels
2025-12-14 12:29:55 DEBUG PackageRelationshipCollection:307 - Parsing relationship: /xl/_rels/workbook.xml.rels
2025-12-14 12:29:55 DEBUG PackageRelationshipCollection:307 - Parsing relationship: /xl/worksheets/_rels/sheet1.xml.rels
2025-12-14 12:29:55 DEBUG PackageRelationshipCollection:307 - Parsing relationship: /_rels/.rels
2025-12-14 12:29:55 DEBUG PackageRelationshipCollection:307 - Parsing relationship: /xl/_rels/workbook.xml.rels
2025-12-14 12:29:55 DEBUG PackageRelationshipCollection:307 - Parsing relationship: /xl/worksheets/_rels/sheet1.xml.rels
2025-12-14 12:29:55 DEBUG PackageRelationshipCollection:307 - Parsing relationship: /_rels/.rels
2025-12-14 12:29:55 DEBUG PackageRelationshipCollection:307 - Parsing relationship: /xl/_rels/workbook.xml.rels
2025-12-14 12:29:55 DEBUG PackageRelationshipCollection:307 - Parsing relationship: /xl/worksheets/_rels/sheet1.xml.rels
2025-12-14 12:29:55 DEBUG PackageRelationshipCollection:307 - Parsing relationship: /_rels/.rels
2025-12-14 12:29:55 DEBUG PackageRelationshipCollection:307 - Parsing relationship: /xl/_rels/workbook.xml.rels
2025-12-14 12:29:55 DEBUG PackageRelationshipCollection:307 - Parsing relationship: /xl/worksheets/_rels/sheet1.xml.rels
2025-12-14 12:29:55 DEBUG PackageRelationshipCollection:307 - Parsing relationship: /_rels/.rels
2025-12-14 12:29:55 DEBUG PackageRelationshipCollection:307 - Parsing relationship: /xl/_rels/workbook.xml.rels
2025-12-14 12:29:55 DEBUG PackageRelationshipCollection:307 - Parsing relationship: /xl/worksheets/_rels/sheet1.xml.rels
2025-12-14 12:29:55 DEBUG PackageRelationshipCollection:307 - Parsing relationship: /_rels/.rels
2025-12-14 12:29:55 DEBUG PackageRelationshipCollection:307 - Parsing relationship: /xl/_rels/workbook.xml.rels
2025-12-14 12:29:55 DEBUG PackageRelationshipCollection:307 - Parsing relationship: /xl/worksheets/_rels/sheet1.xml.rels
2025-12-14 12:29:55 DEBUG PackageRelationshipCollection:307 - Parsing relationship: /_rels/.rels
2025-12-14 12:29:55 DEBUG PackageRelationshipCollection:307 - Parsing relationship: /xl/_rels/workbook.xml.rels
2025-12-14 12:29:55 DEBUG PackageRelationshipCollection:307 - Parsing relationship: /xl/worksheets/_rels/sheet1.xml.rels
2025-12-14 12:29:55 DEBUG PackageRelationshipCollection:307 - Parsing relationship: /_rels/.rels
2025-12-14 12:29:55 DEBUG PackageRelationshipCollection:307 - Parsing relationship: /xl/_rels/workbook.xml.rels
2025-12-14 12:29:55 DEBUG PackageRelationshipCollection:307 - Parsing relationship: /xl/worksheets/_rels/sheet1.xml.rels
2025-12-14 12:29:55 DEBUG PackageRelationshipCollection:307 - Parsing relationship: /_rels/.rels
2025-12-14 12:29:55 DEBUG PackageRelationshipCollection:307 - Parsing relationship: /xl/_rels/workbook.xml.rels
2025-12-14 12:29:55 DEBUG PackageRelationshipCollection:307 - Parsing relationship: /xl/worksheets/_rels/sheet1.xml.rels
2025-12-14 12:29:55 DEBUG PackageRelationshipCollection:307 - Parsing relationship: /_rels/.rels
2025-12-14 12:29:55 DEBUG PackageRelationshipCollection:307 - Parsing relationship: /xl/_rels/workbook.xml.rels
2025-12-14 12:29:55 DEBUG PackageRelationshipCollection:307 - Parsing relationship: /xl/worksheets/_rels/sheet1.xml.rels
2025-12-14 12:29:55 DEBUG PackageRelationshipCollection:307 - Parsing relationship: /_rels/.rels
2025-12-14 12:29:55 DEBUG PackageRelationshipCollection:307 - Parsing relationship: /xl/_rels/workbook.xml.rels
2025-12-14 12:29:55 DEBUG PackageRelationshipCollection:307 - Parsing relationship: /xl/worksheets/_rels/sheet1.xml.rels
2025-12-14 12:29:55 DEBUG PackageRelationshipCollection:307 - Parsing relationship: /_rels/.rels
2025-12-14 12:29:55 DEBUG PackageRelationshipCollection:307 - Parsing relationship: /xl/_rels/workbook.xml.rels
2025-12-14 12:29:55 DEBUG PackageRelationshipCollection:307 - Parsing relationship: /xl/worksheets/_rels/sheet1.xml.rels
2025-12-14 12:29:55 DEBUG PackageRelationshipCollection:307 - Parsing relationship: /_rels/.rels
2025-12-14 12:29:55 DEBUG PackageRelationshipCollection:307 - Parsing relationship: /xl/_rels/workbook.xml.rels
2025-12-14 12:29:55 DEBUG PackageRelationshipCollection:307 - Parsing relationship: /xl/worksheets/_rels/sheet1.xml.rels
2025-12-14 12:29:55 DEBUG PackageRelationshipCollection:307 - Parsing relationship: /_rels/.rels
2025-12-14 12:29:55 INFO  TC003_LoginDataDrivenTest:18 - Starting DDT
2025-12-14 12:29:56 INFO  TC003_LoginDataDrivenTest:18 - Starting DDT
2025-12-14 12:29:56 INFO  TC003_LoginDataDrivenTest:18 - Starting DDT
2025-12-14 12:30:06 INFO  TC003_LoginDataDrivenTest:18 - Starting DDT
2025-12-14 12:30:16 INFO  TC003_LoginDataDrivenTest:18 - Starting DDT
2025-12-14 12:34:43 DEBUG PackageRelationshipCollection:307 - Parsing relationship: /xl/_rels/workbook.xml.rels
2025-12-14 12:34:43 DEBUG PackageRelationshipCollection:307 - Parsing relationship: /xl/worksheets/_rels/sheet1.xml.rels
2025-12-14 12:34:43 DEBUG PackageRelationshipCollection:307 - Parsing relationship: /_rels/.rels
2025-12-14 12:34:43 DEBUG PackageRelationshipCollection:307 - Parsing relationship: /xl/_rels/workbook.xml.rels
2025-12-14 12:34:43 DEBUG PackageRelationshipCollection:307 - Parsing relationship: /xl/worksheets/_rels/sheet1.xml.rels
2025-12-14 12:34:43 DEBUG PackageRelationshipCollection:307 - Parsing relationship: /_rels/.rels
2025-12-14 12:34:43 DEBUG PackageRelationshipCollection:307 - Parsing relationship: /xl/_rels/workbook.xml.rels
2025-12-14 12:34:43 DEBUG PackageRelationshipCollection:307 - Parsing relationship: /xl/worksheets/_rels/sheet1.xml.rels
2025-12-14 12:34:43 DEBUG PackageRelationshipCollection:307 - Parsing relationship: /_rels/.rels
2025-12-14 12:34:43 DEBUG PackageRelationshipCollection:307 - Parsing relationship: /xl/_rels/workbook.xml.rels
2025-12-14 12:34:43 DEBUG PackageRelationshipCollection:307 - Parsing relationship: /xl/worksheets/_rels/sheet1.xml.rels
2025-12-14 12:34:43 DEBUG PackageRelationshipCollection:307 - Parsing relationship: /_rels/.rels
2025-12-14 12:34:43 DEBUG PackageRelationshipCollection:307 - Parsing relationship: /xl/_rels/workbook.xml.rels
2025-12-14 12:34:43 DEBUG PackageRelationshipCollection:307 - Parsing relationship: /xl/worksheets/_rels/sheet1.xml.rels
2025-12-14 12:34:43 DEBUG PackageRelationshipCollection:307 - Parsing relationship: /_rels/.rels
2025-12-14 12:34:43 DEBUG PackageRelationshipCollection:307 - Parsing relationship: /xl/_rels/workbook.xml.rels
2025-12-14 12:34:43 DEBUG PackageRelationshipCollection:307 - Parsing relationship: /xl/worksheets/_rels/sheet1.xml.rels
2025-12-14 12:34:43 DEBUG PackageRelationshipCollection:307 - Parsing relationship: /_rels/.rels
2025-12-14 12:34:43 DEBUG PackageRelationshipCollection:307 - Parsing relationship: /xl/_rels/workbook.xml.rels
2025-12-14 12:34:43 DEBUG PackageRelationshipCollection:307 - Parsing relationship: /xl/worksheets/_rels/sheet1.xml.rels
2025-12-14 12:34:43 DEBUG PackageRelationshipCollection:307 - Parsing relationship: /_rels/.rels
2025-12-14 12:34:43 DEBUG PackageRelationshipCollection:307 - Parsing relationship: /xl/_rels/workbook.xml.rels
2025-12-14 12:34:43 DEBUG PackageRelationshipCollection:307 - Parsing relationship: /xl/worksheets/_rels/sheet1.xml.rels
2025-12-14 12:34:43 DEBUG PackageRelationshipCollection:307 - Parsing relationship: /_rels/.rels
2025-12-14 12:34:43 DEBUG PackageRelationshipCollection:307 - Parsing relationship: /xl/_rels/workbook.xml.rels
2025-12-14 12:34:43 DEBUG PackageRelationshipCollection:307 - Parsing relationship: /xl/worksheets/_rels/sheet1.xml.rels
2025-12-14 12:34:43 DEBUG PackageRelationshipCollection:307 - Parsing relationship: /_rels/.rels
2025-12-14 12:34:43 DEBUG PackageRelationshipCollection:307 - Parsing relationship: /xl/_rels/workbook.xml.rels
2025-12-14 12:34:43 DEBUG PackageRelationshipCollection:307 - Parsing relationship: /xl/worksheets/_rels/sheet1.xml.rels
2025-12-14 12:34:43 DEBUG PackageRelationshipCollection:307 - Parsing relationship: /_rels/.rels
2025-12-14 12:34:43 DEBUG PackageRelationshipCollection:307 - Parsing relationship: /xl/_rels/workbook.xml.rels
2025-12-14 12:34:43 DEBUG PackageRelationshipCollection:307 - Parsing relationship: /xl/worksheets/_rels/sheet1.xml.rels
2025-12-14 12:34:43 DEBUG PackageRelationshipCollection:307 - Parsing relationship: /_rels/.rels
2025-12-14 12:34:43 DEBUG PackageRelationshipCollection:307 - Parsing relationship: /xl/_rels/workbook.xml.rels
2025-12-14 12:34:43 DEBUG PackageRelationshipCollection:307 - Parsing relationship: /xl/worksheets/_rels/sheet1.xml.rels
2025-12-14 12:34:43 DEBUG PackageRelationshipCollection:307 - Parsing relationship: /_rels/.rels
2025-12-14 12:34:43 DEBUG PackageRelationshipCollection:307 - Parsing relationship: /xl/_rels/workbook.xml.rels
2025-12-14 12:34:43 DEBUG PackageRelationshipCollection:307 - Parsing relationship: /xl/worksheets/_rels/sheet1.xml.rels
2025-12-14 12:34:43 DEBUG PackageRelationshipCollection:307 - Parsing relationship: /_rels/.rels
2025-12-14 12:34:43 DEBUG PackageRelationshipCollection:307 - Parsing relationship: /xl/_rels/workbook.xml.rels
2025-12-14 12:34:43 DEBUG PackageRelationshipCollection:307 - Parsing relationship: /xl/worksheets/_rels/sheet1.xml.rels
2025-12-14 12:34:43 DEBUG PackageRelationshipCollection:307 - Parsing relationship: /_rels/.rels
2025-12-14 12:34:43 DEBUG PackageRelationshipCollection:307 - Parsing relationship: /xl/_rels/workbook.xml.rels
2025-12-14 12:34:43 DEBUG PackageRelationshipCollection:307 - Parsing relationship: /xl/worksheets/_rels/sheet1.xml.rels
2025-12-14 12:34:43 DEBUG PackageRelationshipCollection:307 - Parsing relationship: /_rels/.rels
2025-12-14 12:34:43 DEBUG PackageRelationshipCollection:307 - Parsing relationship: /xl/_rels/workbook.xml.rels
2025-12-14 12:34:43 DEBUG PackageRelationshipCollection:307 - Parsing relationship: /xl/worksheets/_rels/sheet1.xml.rels
2025-12-14 12:34:43 DEBUG PackageRelationshipCollection:307 - Parsing relationship: /_rels/.rels
2025-12-14 12:34:43 DEBUG PackageRelationshipCollection:307 - Parsing relationship: /xl/_rels/workbook.xml.rels
2025-12-14 12:34:43 DEBUG PackageRelationshipCollection:307 - Parsing relationship: /xl/worksheets/_rels/sheet1.xml.rels
2025-12-14 12:34:43 DEBUG PackageRelationshipCollection:307 - Parsing relationship: /_rels/.rels
2025-12-14 12:34:43 INFO  TC003_LoginDataDrivenTest:18 - Starting DDT
2025-12-14 12:34:49 INFO  TC003_LoginDataDrivenTest:18 - Starting DDT
2025-12-14 12:34:54 INFO  TC003_LoginDataDrivenTest:18 - Starting DDT
2025-12-14 12:35:00 INFO  TC003_LoginDataDrivenTest:18 - Starting DDT
2025-12-14 12:35:05 INFO  TC003_LoginDataDrivenTest:18 - Starting DDT
2025-12-14 12:40:37 DEBUG PackageRelationshipCollection:307 - Parsing relationship: /xl/_rels/workbook.xml.rels
2025-12-14 12:40:37 DEBUG PackageRelationshipCollection:307 - Parsing relationship: /xl/worksheets/_rels/sheet1.xml.rels
2025-12-14 12:40:37 DEBUG PackageRelationshipCollection:307 - Parsing relationship: /_rels/.rels
2025-12-14 12:40:37 DEBUG PackageRelationshipCollection:307 - Parsing relationship: /xl/_rels/workbook.xml.rels
2025-12-14 12:40:37 DEBUG PackageRelationshipCollection:307 - Parsing relationship: /xl/worksheets/_rels/sheet1.xml.rels
2025-12-14 12:40:37 DEBUG PackageRelationshipCollection:307 - Parsing relationship: /_rels/.rels
2025-12-14 12:40:37 DEBUG PackageRelationshipCollection:307 - Parsing relationship: /xl/_rels/workbook.xml.rels
2025-12-14 12:40:37 DEBUG PackageRelationshipCollection:307 - Parsing relationship: /xl/worksheets/_rels/sheet1.xml.rels
2025-12-14 12:40:37 DEBUG PackageRelationshipCollection:307 - Parsing relationship: /_rels/.rels
2025-12-14 12:40:37 DEBUG PackageRelationshipCollection:307 - Parsing relationship: /xl/_rels/workbook.xml.rels
2025-12-14 12:40:37 DEBUG PackageRelationshipCollection:307 - Parsing relationship: /xl/worksheets/_rels/sheet1.xml.rels
2025-12-14 12:40:37 DEBUG PackageRelationshipCollection:307 - Parsing relationship: /_rels/.rels
2025-12-14 12:40:37 DEBUG PackageRelationshipCollection:307 - Parsing relationship: /xl/_rels/workbook.xml.rels
2025-12-14 12:40:37 DEBUG PackageRelationshipCollection:307 - Parsing relationship: /xl/worksheets/_rels/sheet1.xml.rels
2025-12-14 12:40:37 DEBUG PackageRelationshipCollection:307 - Parsing relationship: /_rels/.rels
2025-12-14 12:40:37 DEBUG PackageRelationshipCollection:307 - Parsing relationship: /xl/_rels/workbook.xml.rels
2025-12-14 12:40:37 DEBUG PackageRelationshipCollection:307 - Parsing relationship: /xl/worksheets/_rels/sheet1.xml.rels
2025-12-14 12:40:37 DEBUG PackageRelationshipCollection:307 - Parsing relationship: /_rels/.rels
2025-12-14 12:40:37 DEBUG PackageRelationshipCollection:307 - Parsing relationship: /xl/_rels/workbook.xml.rels
2025-12-14 12:40:37 DEBUG PackageRelationshipCollection:307 - Parsing relationship: /xl/worksheets/_rels/sheet1.xml.rels
2025-12-14 12:40:37 DEBUG PackageRelationshipCollection:307 - Parsing relationship: /_rels/.rels
2025-12-14 12:40:37 DEBUG PackageRelationshipCollection:307 - Parsing relationship: /xl/_rels/workbook.xml.rels
2025-12-14 12:40:37 DEBUG PackageRelationshipCollection:307 - Parsing relationship: /xl/worksheets/_rels/sheet1.xml.rels
2025-12-14 12:40:37 DEBUG PackageRelationshipCollection:307 - Parsing relationship: /_rels/.rels
2025-12-14 12:40:37 DEBUG PackageRelationshipCollection:307 - Parsing relationship: /xl/_rels/workbook.xml.rels
2025-12-14 12:40:37 DEBUG PackageRelationshipCollection:307 - Parsing relationship: /xl/worksheets/_rels/sheet1.xml.rels
2025-12-14 12:40:37 DEBUG PackageRelationshipCollection:307 - Parsing relationship: /_rels/.rels
2025-12-14 12:40:37 DEBUG PackageRelationshipCollection:307 - Parsing relationship: /xl/_rels/workbook.xml.rels
2025-12-14 12:40:37 DEBUG PackageRelationshipCollection:307 - Parsing relationship: /xl/worksheets/_rels/sheet1.xml.rels
2025-12-14 12:40:37 DEBUG PackageRelationshipCollection:307 - Parsing relationship: /_rels/.rels
2025-12-14 12:40:37 DEBUG PackageRelationshipCollection:307 - Parsing relationship: /xl/_rels/workbook.xml.rels
2025-12-14 12:40:37 DEBUG PackageRelationshipCollection:307 - Parsing relationship: /xl/worksheets/_rels/sheet1.xml.rels
2025-12-14 12:40:37 DEBUG PackageRelationshipCollection:307 - Parsing relationship: /_rels/.rels
2025-12-14 12:40:37 DEBUG PackageRelationshipCollection:307 - Parsing relationship: /xl/_rels/workbook.xml.rels
2025-12-14 12:40:37 DEBUG PackageRelationshipCollection:307 - Parsing relationship: /xl/worksheets/_rels/sheet1.xml.rels
2025-12-14 12:40:37 DEBUG PackageRelationshipCollection:307 - Parsing relationship: /_rels/.rels
2025-12-14 12:40:37 DEBUG PackageRelationshipCollection:307 - Parsing relationship: /xl/_rels/workbook.xml.rels
2025-12-14 12:40:37 DEBUG PackageRelationshipCollection:307 - Parsing relationship: /xl/worksheets/_rels/sheet1.xml.rels
2025-12-14 12:40:37 DEBUG PackageRelationshipCollection:307 - Parsing relationship: /_rels/.rels
2025-12-14 12:40:37 DEBUG PackageRelationshipCollection:307 - Parsing relationship: /xl/_rels/workbook.xml.rels
2025-12-14 12:40:37 DEBUG PackageRelationshipCollection:307 - Parsing relationship: /xl/worksheets/_rels/sheet1.xml.rels
2025-12-14 12:40:37 DEBUG PackageRelationshipCollection:307 - Parsing relationship: /_rels/.rels
2025-12-14 12:40:37 DEBUG PackageRelationshipCollection:307 - Parsing relationship: /xl/_rels/workbook.xml.rels
2025-12-14 12:40:37 DEBUG PackageRelationshipCollection:307 - Parsing relationship: /xl/worksheets/_rels/sheet1.xml.rels
2025-12-14 12:40:37 DEBUG PackageRelationshipCollection:307 - Parsing relationship: /_rels/.rels
2025-12-14 12:40:37 DEBUG PackageRelationshipCollection:307 - Parsing relationship: /xl/_rels/workbook.xml.rels
2025-12-14 12:40:37 DEBUG PackageRelationshipCollection:307 - Parsing relationship: /xl/worksheets/_rels/sheet1.xml.rels
2025-12-14 12:40:37 DEBUG PackageRelationshipCollection:307 - Parsing relationship: /_rels/.rels
2025-12-14 12:40:37 DEBUG PackageRelationshipCollection:307 - Parsing relationship: /xl/_rels/workbook.xml.rels
2025-12-14 12:40:37 DEBUG PackageRelationshipCollection:307 - Parsing relationship: /xl/worksheets/_rels/sheet1.xml.rels
2025-12-14 12:40:37 DEBUG PackageRelationshipCollection:307 - Parsing relationship: /_rels/.rels
2025-12-14 12:40:37 INFO  TC003_LoginDataDrivenTest:18 - Starting DDT
2025-12-14 12:40:43 INFO  TC003_LoginDataDrivenTest:18 - Starting DDT
2025-12-14 12:40:48 INFO  TC003_LoginDataDrivenTest:18 - Starting DDT
2025-12-14 12:40:54 INFO  TC003_LoginDataDrivenTest:18 - Starting DDT
2025-12-14 12:40:59 INFO  TC003_LoginDataDrivenTest:18 - Starting DDT
2025-12-14 12:43:58 DEBUG PackageRelationshipCollection:307 - Parsing relationship: /xl/_rels/workbook.xml.rels
2025-12-14 12:43:58 DEBUG PackageRelationshipCollection:307 - Parsing relationship: /xl/worksheets/_rels/sheet1.xml.rels
2025-12-14 12:43:58 DEBUG PackageRelationshipCollection:307 - Parsing relationship: /_rels/.rels
2025-12-14 12:43:58 DEBUG PackageRelationshipCollection:307 - Parsing relationship: /xl/_rels/workbook.xml.rels
2025-12-14 12:43:58 DEBUG PackageRelationshipCollection:307 - Parsing relationship: /xl/worksheets/_rels/sheet1.xml.rels
2025-12-14 12:43:58 DEBUG PackageRelationshipCollection:307 - Parsing relationship: /_rels/.rels
2025-12-14 12:43:58 DEBUG PackageRelationshipCollection:307 - Parsing relationship: /xl/_rels/workbook.xml.rels
2025-12-14 12:43:58 DEBUG PackageRelationshipCollection:307 - Parsing relationship: /xl/worksheets/_rels/sheet1.xml.rels
2025-12-14 12:43:58 DEBUG PackageRelationshipCollection:307 - Parsing relationship: /_rels/.rels
2025-12-14 12:43:58 DEBUG PackageRelationshipCollection:307 - Parsing relationship: /xl/_rels/workbook.xml.rels
2025-12-14 12:43:58 DEBUG PackageRelationshipCollection:307 - Parsing relationship: /xl/worksheets/_rels/sheet1.xml.rels
2025-12-14 12:43:58 DEBUG PackageRelationshipCollection:307 - Parsing relationship: /_rels/.rels
2025-12-14 12:43:58 DEBUG PackageRelationshipCollection:307 - Parsing relationship: /xl/_rels/workbook.xml.rels
2025-12-14 12:43:58 DEBUG PackageRelationshipCollection:307 - Parsing relationship: /xl/worksheets/_rels/sheet1.xml.rels
2025-12-14 12:43:58 DEBUG PackageRelationshipCollection:307 - Parsing relationship: /_rels/.rels
2025-12-14 12:43:58 DEBUG PackageRelationshipCollection:307 - Parsing relationship: /xl/_rels/workbook.xml.rels
2025-12-14 12:43:58 DEBUG PackageRelationshipCollection:307 - Parsing relationship: /xl/worksheets/_rels/sheet1.xml.rels
2025-12-14 12:43:58 DEBUG PackageRelationshipCollection:307 - Parsing relationship: /_rels/.rels
2025-12-14 12:43:58 DEBUG PackageRelationshipCollection:307 - Parsing relationship: /xl/_rels/workbook.xml.rels
2025-12-14 12:43:58 DEBUG PackageRelationshipCollection:307 - Parsing relationship: /xl/worksheets/_rels/sheet1.xml.rels
2025-12-14 12:43:58 DEBUG PackageRelationshipCollection:307 - Parsing relationship: /_rels/.rels
2025-12-14 12:43:58 DEBUG PackageRelationshipCollection:307 - Parsing relationship: /xl/_rels/workbook.xml.rels
2025-12-14 12:43:58 DEBUG PackageRelationshipCollection:307 - Parsing relationship: /xl/worksheets/_rels/sheet1.xml.rels
2025-12-14 12:43:58 DEBUG PackageRelationshipCollection:307 - Parsing relationship: /_rels/.rels
2025-12-14 12:43:58 DEBUG PackageRelationshipCollection:307 - Parsing relationship: /xl/_rels/workbook.xml.rels
2025-12-14 12:43:58 DEBUG PackageRelationshipCollection:307 - Parsing relationship: /xl/worksheets/_rels/sheet1.xml.rels
2025-12-14 12:43:58 DEBUG PackageRelationshipCollection:307 - Parsing relationship: /_rels/.rels
2025-12-14 12:43:58 DEBUG PackageRelationshipCollection:307 - Parsing relationship: /xl/_rels/workbook.xml.rels
2025-12-14 12:43:58 DEBUG PackageRelationshipCollection:307 - Parsing relationship: /xl/worksheets/_rels/sheet1.xml.rels
2025-12-14 12:43:58 DEBUG PackageRelationshipCollection:307 - Parsing relationship: /_rels/.rels
2025-12-14 12:43:58 DEBUG PackageRelationshipCollection:307 - Parsing relationship: /xl/_rels/workbook.xml.rels
2025-12-14 12:43:58 DEBUG PackageRelationshipCollection:307 - Parsing relationship: /xl/worksheets/_rels/sheet1.xml.rels
2025-12-14 12:43:58 DEBUG PackageRelationshipCollection:307 - Parsing relationship: /_rels/.rels
2025-12-14 12:43:58 DEBUG PackageRelationshipCollection:307 - Parsing relationship: /xl/_rels/workbook.xml.rels
2025-12-14 12:43:58 DEBUG PackageRelationshipCollection:307 - Parsing relationship: /xl/worksheets/_rels/sheet1.xml.rels
2025-12-14 12:43:58 DEBUG PackageRelationshipCollection:307 - Parsing relationship: /_rels/.rels
2025-12-14 12:43:58 DEBUG PackageRelationshipCollection:307 - Parsing relationship: /xl/_rels/workbook.xml.rels
2025-12-14 12:43:58 DEBUG PackageRelationshipCollection:307 - Parsing relationship: /xl/worksheets/_rels/sheet1.xml.rels
2025-12-14 12:43:58 DEBUG PackageRelationshipCollection:307 - Parsing relationship: /_rels/.rels
2025-12-14 12:43:58 DEBUG PackageRelationshipCollection:307 - Parsing relationship: /xl/_rels/workbook.xml.rels
2025-12-14 12:43:58 DEBUG PackageRelationshipCollection:307 - Parsing relationship: /xl/worksheets/_rels/sheet1.xml.rels
2025-12-14 12:43:58 DEBUG PackageRelationshipCollection:307 - Parsing relationship: /_rels/.rels
2025-12-14 12:43:58 DEBUG PackageRelationshipCollection:307 - Parsing relationship: /xl/_rels/workbook.xml.rels
2025-12-14 12:43:58 DEBUG PackageRelationshipCollection:307 - Parsing relationship: /xl/worksheets/_rels/sheet1.xml.rels
2025-12-14 12:43:58 DEBUG PackageRelationshipCollection:307 - Parsing relationship: /_rels/.rels
2025-12-14 12:43:58 DEBUG PackageRelationshipCollection:307 - Parsing relationship: /xl/_rels/workbook.xml.rels
2025-12-14 12:43:58 DEBUG PackageRelationshipCollection:307 - Parsing relationship: /xl/worksheets/_rels/sheet1.xml.rels
2025-12-14 12:43:58 DEBUG PackageRelationshipCollection:307 - Parsing relationship: /_rels/.rels
2025-12-14 12:43:58 DEBUG PackageRelationshipCollection:307 - Parsing relationship: /xl/_rels/workbook.xml.rels
2025-12-14 12:43:58 DEBUG PackageRelationshipCollection:307 - Parsing relationship: /xl/worksheets/_rels/sheet1.xml.rels
2025-12-14 12:43:58 DEBUG PackageRelationshipCollection:307 - Parsing relationship: /_rels/.rels
2025-12-14 12:43:58 INFO  TC003_LoginDataDrivenTest:18 - Starting DDT
2025-12-14 12:44:03 INFO  TC003_LoginDataDrivenTest:18 - Starting DDT
2025-12-14 12:44:09 INFO  TC003_LoginDataDrivenTest:18 - Starting DDT
2025-12-14 12:44:14 INFO  TC003_LoginDataDrivenTest:18 - Starting DDT
2025-12-14 12:44:20 INFO  TC003_LoginDataDrivenTest:18 - Starting DDT
2025-12-14 12:45:53 DEBUG PackageRelationshipCollection:307 - Parsing relationship: /xl/_rels/workbook.xml.rels
2025-12-14 12:45:53 DEBUG PackageRelationshipCollection:307 - Parsing relationship: /xl/worksheets/_rels/sheet1.xml.rels
2025-12-14 12:45:53 DEBUG PackageRelationshipCollection:307 - Parsing relationship: /_rels/.rels
2025-12-14 12:45:53 DEBUG PackageRelationshipCollection:307 - Parsing relationship: /xl/_rels/workbook.xml.rels
2025-12-14 12:45:53 DEBUG PackageRelationshipCollection:307 - Parsing relationship: /xl/worksheets/_rels/sheet1.xml.rels
2025-12-14 12:45:53 DEBUG PackageRelationshipCollection:307 - Parsing relationship: /_rels/.rels
2025-12-14 12:45:53 DEBUG PackageRelationshipCollection:307 - Parsing relationship: /xl/_rels/workbook.xml.rels
2025-12-14 12:45:53 DEBUG PackageRelationshipCollection:307 - Parsing relationship: /xl/worksheets/_rels/sheet1.xml.rels
2025-12-14 12:45:53 DEBUG PackageRelationshipCollection:307 - Parsing relationship: /_rels/.rels
2025-12-14 12:45:53 DEBUG PackageRelationshipCollection:307 - Parsing relationship: /xl/_rels/workbook.xml.rels
2025-12-14 12:45:53 DEBUG PackageRelationshipCollection:307 - Parsing relationship: /xl/worksheets/_rels/sheet1.xml.rels
2025-12-14 12:45:53 DEBUG PackageRelationshipCollection:307 - Parsing relationship: /_rels/.rels
2025-12-14 12:45:53 DEBUG PackageRelationshipCollection:307 - Parsing relationship: /xl/_rels/workbook.xml.rels
2025-12-14 12:45:53 DEBUG PackageRelationshipCollection:307 - Parsing relationship: /xl/worksheets/_rels/sheet1.xml.rels
2025-12-14 12:45:53 DEBUG PackageRelationshipCollection:307 - Parsing relationship: /_rels/.rels
2025-12-14 12:45:53 DEBUG PackageRelationshipCollection:307 - Parsing relationship: /xl/_rels/workbook.xml.rels
2025-12-14 12:45:53 DEBUG PackageRelationshipCollection:307 - Parsing relationship: /xl/worksheets/_rels/sheet1.xml.rels
2025-12-14 12:45:53 DEBUG PackageRelationshipCollection:307 - Parsing relationship: /_rels/.rels
2025-12-14 12:45:53 DEBUG PackageRelationshipCollection:307 - Parsing relationship: /xl/_rels/workbook.xml.rels
2025-12-14 12:45:53 DEBUG PackageRelationshipCollection:307 - Parsing relationship: /xl/worksheets/_rels/sheet1.xml.rels
2025-12-14 12:45:53 DEBUG PackageRelationshipCollection:307 - Parsing relationship: /_rels/.rels
2025-12-14 12:45:53 DEBUG PackageRelationshipCollection:307 - Parsing relationship: /xl/_rels/workbook.xml.rels
2025-12-14 12:45:53 DEBUG PackageRelationshipCollection:307 - Parsing relationship: /xl/worksheets/_rels/sheet1.xml.rels
2025-12-14 12:45:53 DEBUG PackageRelationshipCollection:307 - Parsing relationship: /_rels/.rels
2025-12-14 12:45:53 DEBUG PackageRelationshipCollection:307 - Parsing relationship: /xl/_rels/workbook.xml.rels
2025-12-14 12:45:53 DEBUG PackageRelationshipCollection:307 - Parsing relationship: /xl/worksheets/_rels/sheet1.xml.rels
2025-12-14 12:45:53 DEBUG PackageRelationshipCollection:307 - Parsing relationship: /_rels/.rels
2025-12-14 12:45:53 DEBUG PackageRelationshipCollection:307 - Parsing relationship: /xl/_rels/workbook.xml.rels
2025-12-14 12:45:53 DEBUG PackageRelationshipCollection:307 - Parsing relationship: /xl/worksheets/_rels/sheet1.xml.rels
2025-12-14 12:45:53 DEBUG PackageRelationshipCollection:307 - Parsing relationship: /_rels/.rels
2025-12-14 12:45:53 DEBUG PackageRelationshipCollection:307 - Parsing relationship: /xl/_rels/workbook.xml.rels
2025-12-14 12:45:53 DEBUG PackageRelationshipCollection:307 - Parsing relationship: /xl/worksheets/_rels/sheet1.xml.rels
2025-12-14 12:45:53 DEBUG PackageRelationshipCollection:307 - Parsing relationship: /_rels/.rels
2025-12-14 12:45:53 DEBUG PackageRelationshipCollection:307 - Parsing relationship: /xl/_rels/workbook.xml.rels
2025-12-14 12:45:53 DEBUG PackageRelationshipCollection:307 - Parsing relationship: /xl/worksheets/_rels/sheet1.xml.rels
2025-12-14 12:45:53 DEBUG PackageRelationshipCollection:307 - Parsing relationship: /_rels/.rels
2025-12-14 12:45:53 DEBUG PackageRelationshipCollection:307 - Parsing relationship: /xl/_rels/workbook.xml.rels
2025-12-14 12:45:53 DEBUG PackageRelationshipCollection:307 - Parsing relationship: /xl/worksheets/_rels/sheet1.xml.rels
2025-12-14 12:45:53 DEBUG PackageRelationshipCollection:307 - Parsing relationship: /_rels/.rels
2025-12-14 12:45:53 DEBUG PackageRelationshipCollection:307 - Parsing relationship: /xl/_rels/workbook.xml.rels
2025-12-14 12:45:53 DEBUG PackageRelationshipCollection:307 - Parsing relationship: /xl/worksheets/_rels/sheet1.xml.rels
2025-12-14 12:45:53 DEBUG PackageRelationshipCollection:307 - Parsing relationship: /_rels/.rels
2025-12-14 12:45:53 DEBUG PackageRelationshipCollection:307 - Parsing relationship: /xl/_rels/workbook.xml.rels
2025-12-14 12:45:53 DEBUG PackageRelationshipCollection:307 - Parsing relationship: /xl/worksheets/_rels/sheet1.xml.rels
2025-12-14 12:45:53 DEBUG PackageRelationshipCollection:307 - Parsing relationship: /_rels/.rels
2025-12-14 12:45:53 DEBUG PackageRelationshipCollection:307 - Parsing relationship: /xl/_rels/workbook.xml.rels
2025-12-14 12:45:53 DEBUG PackageRelationshipCollection:307 - Parsing relationship: /xl/worksheets/_rels/sheet1.xml.rels
2025-12-14 12:45:53 DEBUG PackageRelationshipCollection:307 - Parsing relationship: /_rels/.rels
2025-12-14 12:45:53 DEBUG PackageRelationshipCollection:307 - Parsing relationship: /xl/_rels/workbook.xml.rels
2025-12-14 12:45:53 DEBUG PackageRelationshipCollection:307 - Parsing relationship: /xl/worksheets/_rels/sheet1.xml.rels
2025-12-14 12:45:53 DEBUG PackageRelationshipCollection:307 - Parsing relationship: /_rels/.rels
2025-12-14 12:45:53 DEBUG PackageRelationshipCollection:307 - Parsing relationship: /xl/_rels/workbook.xml.rels
2025-12-14 12:45:53 DEBUG PackageRelationshipCollection:307 - Parsing relationship: /xl/worksheets/_rels/sheet1.xml.rels
2025-12-14 12:45:53 DEBUG PackageRelationshipCollection:307 - Parsing relationship: /_rels/.rels
2025-12-14 12:45:53 DEBUG PackageRelationshipCollection:307 - Parsing relationship: /xl/_rels/workbook.xml.rels
2025-12-14 12:45:53 DEBUG PackageRelationshipCollection:307 - Parsing relationship: /xl/worksheets/_rels/sheet1.xml.rels
2025-12-14 12:45:53 DEBUG PackageRelationshipCollection:307 - Parsing relationship: /_rels/.rels
2025-12-14 12:45:53 DEBUG PackageRelationshipCollection:307 - Parsing relationship: /xl/_rels/workbook.xml.rels
2025-12-14 12:45:53 DEBUG PackageRelationshipCollection:307 - Parsing relationship: /xl/worksheets/_rels/sheet1.xml.rels
2025-12-14 12:45:53 DEBUG PackageRelationshipCollection:307 - Parsing relationship: /_rels/.rels
2025-12-14 12:45:53 INFO  TC003_LoginDataDrivenTest:18 - Starting DDT
2025-12-14 12:45:59 INFO  TC003_LoginDataDrivenTest:18 - Starting DDT
2025-12-14 12:46:04 INFO  TC003_LoginDataDrivenTest:18 - Starting DDT
2025-12-14 12:46:10 INFO  TC003_LoginDataDrivenTest:18 - Starting DDT
2025-12-14 12:46:15 INFO  TC003_LoginDataDrivenTest:18 - Starting DDT
2025-12-14 12:46:30 INFO  TC003_LoginDataDrivenTest:18 - Starting DDT
2025-12-14 12:51:39 DEBUG PackageRelationshipCollection:307 - Parsing relationship: /xl/_rels/workbook.xml.rels
2025-12-14 12:51:39 DEBUG PackageRelationshipCollection:307 - Parsing relationship: /xl/worksheets/_rels/sheet1.xml.rels
2025-12-14 12:51:39 DEBUG PackageRelationshipCollection:307 - Parsing relationship: /_rels/.rels
2025-12-14 12:51:39 DEBUG PackageRelationshipCollection:307 - Parsing relationship: /xl/_rels/workbook.xml.rels
2025-12-14 12:51:39 DEBUG PackageRelationshipCollection:307 - Parsing relationship: /xl/worksheets/_rels/sheet1.xml.rels
2025-12-14 12:51:39 DEBUG PackageRelationshipCollection:307 - Parsing relationship: /_rels/.rels
2025-12-14 12:51:39 DEBUG PackageRelationshipCollection:307 - Parsing relationship: /xl/_rels/workbook.xml.rels
2025-12-14 12:51:39 DEBUG PackageRelationshipCollection:307 - Parsing relationship: /xl/worksheets/_rels/sheet1.xml.rels
2025-12-14 12:51:39 DEBUG PackageRelationshipCollection:307 - Parsing relationship: /_rels/.rels
2025-12-14 12:51:39 DEBUG PackageRelationshipCollection:307 - Parsing relationship: /xl/_rels/workbook.xml.rels
2025-12-14 12:51:39 DEBUG PackageRelationshipCollection:307 - Parsing relationship: /xl/worksheets/_rels/sheet1.xml.rels
2025-12-14 12:51:39 DEBUG PackageRelationshipCollection:307 - Parsing relationship: /_rels/.rels
2025-12-14 12:51:39 DEBUG PackageRelationshipCollection:307 - Parsing relationship: /xl/_rels/workbook.xml.rels
2025-12-14 12:51:39 DEBUG PackageRelationshipCollection:307 - Parsing relationship: /xl/worksheets/_rels/sheet1.xml.rels
2025-12-14 12:51:39 DEBUG PackageRelationshipCollection:307 - Parsing relationship: /_rels/.rels
2025-12-14 12:51:39 DEBUG PackageRelationshipCollection:307 - Parsing relationship: /xl/_rels/workbook.xml.rels
2025-12-14 12:51:39 DEBUG PackageRelationshipCollection:307 - Parsing relationship: /xl/worksheets/_rels/sheet1.xml.rels
2025-12-14 12:51:39 DEBUG PackageRelationshipCollection:307 - Parsing relationship: /_rels/.rels
2025-12-14 12:51:39 DEBUG PackageRelationshipCollection:307 - Parsing relationship: /xl/_rels/workbook.xml.rels
2025-12-14 12:51:39 DEBUG PackageRelationshipCollection:307 - Parsing relationship: /xl/worksheets/_rels/sheet1.xml.rels
2025-12-14 12:51:39 DEBUG PackageRelationshipCollection:307 - Parsing relationship: /_rels/.rels
2025-12-14 12:51:39 DEBUG PackageRelationshipCollection:307 - Parsing relationship: /xl/_rels/workbook.xml.rels
2025-12-14 12:51:39 DEBUG PackageRelationshipCollection:307 - Parsing relationship: /xl/worksheets/_rels/sheet1.xml.rels
2025-12-14 12:51:39 DEBUG PackageRelationshipCollection:307 - Parsing relationship: /_rels/.rels
2025-12-14 12:51:39 DEBUG PackageRelationshipCollection:307 - Parsing relationship: /xl/_rels/workbook.xml.rels
2025-12-14 12:51:39 DEBUG PackageRelationshipCollection:307 - Parsing relationship: /xl/worksheets/_rels/sheet1.xml.rels
2025-12-14 12:51:39 DEBUG PackageRelationshipCollection:307 - Parsing relationship: /_rels/.rels
2025-12-14 12:51:39 DEBUG PackageRelationshipCollection:307 - Parsing relationship: /xl/_rels/workbook.xml.rels
2025-12-14 12:51:39 DEBUG PackageRelationshipCollection:307 - Parsing relationship: /xl/worksheets/_rels/sheet1.xml.rels
2025-12-14 12:51:39 DEBUG PackageRelationshipCollection:307 - Parsing relationship: /_rels/.rels
2025-12-14 12:51:39 DEBUG PackageRelationshipCollection:307 - Parsing relationship: /xl/_rels/workbook.xml.rels
2025-12-14 12:51:39 DEBUG PackageRelationshipCollection:307 - Parsing relationship: /xl/worksheets/_rels/sheet1.xml.rels
2025-12-14 12:51:39 DEBUG PackageRelationshipCollection:307 - Parsing relationship: /_rels/.rels
2025-12-14 12:51:39 DEBUG PackageRelationshipCollection:307 - Parsing relationship: /xl/_rels/workbook.xml.rels
2025-12-14 12:51:39 DEBUG PackageRelationshipCollection:307 - Parsing relationship: /xl/worksheets/_rels/sheet1.xml.rels
2025-12-14 12:51:39 DEBUG PackageRelationshipCollection:307 - Parsing relationship: /_rels/.rels
2025-12-14 12:51:39 DEBUG PackageRelationshipCollection:307 - Parsing relationship: /xl/_rels/workbook.xml.rels
2025-12-14 12:51:39 DEBUG PackageRelationshipCollection:307 - Parsing relationship: /xl/worksheets/_rels/sheet1.xml.rels
2025-12-14 12:51:39 DEBUG PackageRelationshipCollection:307 - Parsing relationship: /_rels/.rels
2025-12-14 12:51:40 DEBUG PackageRelationshipCollection:307 - Parsing relationship: /xl/_rels/workbook.xml.rels
2025-12-14 12:51:40 DEBUG PackageRelationshipCollection:307 - Parsing relationship: /xl/worksheets/_rels/sheet1.xml.rels
2025-12-14 12:51:40 DEBUG PackageRelationshipCollection:307 - Parsing relationship: /_rels/.rels
2025-12-14 12:51:40 DEBUG PackageRelationshipCollection:307 - Parsing relationship: /xl/_rels/workbook.xml.rels
2025-12-14 12:51:40 DEBUG PackageRelationshipCollection:307 - Parsing relationship: /xl/worksheets/_rels/sheet1.xml.rels
2025-12-14 12:51:40 DEBUG PackageRelationshipCollection:307 - Parsing relationship: /_rels/.rels
2025-12-14 12:51:40 DEBUG PackageRelationshipCollection:307 - Parsing relationship: /xl/_rels/workbook.xml.rels
2025-12-14 12:51:40 DEBUG PackageRelationshipCollection:307 - Parsing relationship: /xl/worksheets/_rels/sheet1.xml.rels
2025-12-14 12:51:40 DEBUG PackageRelationshipCollection:307 - Parsing relationship: /_rels/.rels
2025-12-14 12:51:40 DEBUG PackageRelationshipCollection:307 - Parsing relationship: /xl/_rels/workbook.xml.rels
2025-12-14 12:51:40 DEBUG PackageRelationshipCollection:307 - Parsing relationship: /xl/worksheets/_rels/sheet1.xml.rels
2025-12-14 12:51:40 DEBUG PackageRelationshipCollection:307 - Parsing relationship: /_rels/.rels
2025-12-14 12:51:40 DEBUG PackageRelationshipCollection:307 - Parsing relationship: /xl/_rels/workbook.xml.rels
2025-12-14 12:51:40 DEBUG PackageRelationshipCollection:307 - Parsing relationship: /xl/worksheets/_rels/sheet1.xml.rels
2025-12-14 12:51:40 DEBUG PackageRelationshipCollection:307 - Parsing relationship: /_rels/.rels
2025-12-14 12:51:40 DEBUG PackageRelationshipCollection:307 - Parsing relationship: /xl/_rels/workbook.xml.rels
2025-12-14 12:51:40 DEBUG PackageRelationshipCollection:307 - Parsing relationship: /xl/worksheets/_rels/sheet1.xml.rels
2025-12-14 12:51:40 DEBUG PackageRelationshipCollection:307 - Parsing relationship: /_rels/.rels
2025-12-14 12:51:40 DEBUG PackageRelationshipCollection:307 - Parsing relationship: /xl/_rels/workbook.xml.rels
2025-12-14 12:51:40 DEBUG PackageRelationshipCollection:307 - Parsing relationship: /xl/worksheets/_rels/sheet1.xml.rels
2025-12-14 12:51:40 DEBUG PackageRelationshipCollection:307 - Parsing relationship: /_rels/.rels
2025-12-14 12:51:40 INFO  TC003_LoginDataDrivenTest:18 - Starting DDT
2025-12-14 12:51:47 INFO  TC003_LoginDataDrivenTest:18 - Starting DDT
2025-12-14 12:51:53 INFO  TC003_LoginDataDrivenTest:18 - Starting DDT
2025-12-14 12:51:58 INFO  TC003_LoginDataDrivenTest:18 - Starting DDT
2025-12-14 12:52:06 INFO  TC003_LoginDataDrivenTest:18 - Starting DDT
2025-12-14 12:52:21 INFO  TC003_LoginDataDrivenTest:18 - Starting DDT
2025-12-14 13:08:53 DEBUG PackageRelationshipCollection:307 - Parsing relationship: /xl/_rels/workbook.xml.rels
2025-12-14 13:08:53 DEBUG PackageRelationshipCollection:307 - Parsing relationship: /xl/worksheets/_rels/sheet1.xml.rels
2025-12-14 13:08:53 DEBUG PackageRelationshipCollection:307 - Parsing relationship: /_rels/.rels
2025-12-14 13:08:53 DEBUG PackageRelationshipCollection:307 - Parsing relationship: /xl/_rels/workbook.xml.rels
2025-12-14 13:08:53 DEBUG PackageRelationshipCollection:307 - Parsing relationship: /xl/worksheets/_rels/sheet1.xml.rels
2025-12-14 13:08:53 DEBUG PackageRelationshipCollection:307 - Parsing relationship: /_rels/.rels
2025-12-14 13:08:53 DEBUG PackageRelationshipCollection:307 - Parsing relationship: /xl/_rels/workbook.xml.rels
2025-12-14 13:08:53 DEBUG PackageRelationshipCollection:307 - Parsing relationship: /xl/worksheets/_rels/sheet1.xml.rels
2025-12-14 13:08:53 DEBUG PackageRelationshipCollection:307 - Parsing relationship: /_rels/.rels
2025-12-14 13:08:53 DEBUG PackageRelationshipCollection:307 - Parsing relationship: /xl/_rels/workbook.xml.rels
2025-12-14 13:08:53 DEBUG PackageRelationshipCollection:307 - Parsing relationship: /xl/worksheets/_rels/sheet1.xml.rels
2025-12-14 13:08:53 DEBUG PackageRelationshipCollection:307 - Parsing relationship: /_rels/.rels
2025-12-14 13:08:53 DEBUG PackageRelationshipCollection:307 - Parsing relationship: /xl/_rels/workbook.xml.rels
2025-12-14 13:08:53 DEBUG PackageRelationshipCollection:307 - Parsing relationship: /xl/worksheets/_rels/sheet1.xml.rels
2025-12-14 13:08:53 DEBUG PackageRelationshipCollection:307 - Parsing relationship: /_rels/.rels
2025-12-14 13:08:53 DEBUG PackageRelationshipCollection:307 - Parsing relationship: /xl/_rels/workbook.xml.rels
2025-12-14 13:08:53 DEBUG PackageRelationshipCollection:307 - Parsing relationship: /xl/worksheets/_rels/sheet1.xml.rels
2025-12-14 13:08:53 DEBUG PackageRelationshipCollection:307 - Parsing relationship: /_rels/.rels
2025-12-14 13:08:53 DEBUG PackageRelationshipCollection:307 - Parsing relationship: /xl/_rels/workbook.xml.rels
2025-12-14 13:08:53 DEBUG PackageRelationshipCollection:307 - Parsing relationship: /xl/worksheets/_rels/sheet1.xml.rels
2025-12-14 13:08:53 DEBUG PackageRelationshipCollection:307 - Parsing relationship: /_rels/.rels
2025-12-14 13:08:53 DEBUG PackageRelationshipCollection:307 - Parsing relationship: /xl/_rels/workbook.xml.rels
2025-12-14 13:08:53 DEBUG PackageRelationshipCollection:307 - Parsing relationship: /xl/worksheets/_rels/sheet1.xml.rels
2025-12-14 13:08:53 DEBUG PackageRelationshipCollection:307 - Parsing relationship: /_rels/.rels
2025-12-14 13:08:53 DEBUG PackageRelationshipCollection:307 - Parsing relationship: /xl/_rels/workbook.xml.rels
2025-12-14 13:08:53 DEBUG PackageRelationshipCollection:307 - Parsing relationship: /xl/worksheets/_rels/sheet1.xml.rels
2025-12-14 13:08:53 DEBUG PackageRelationshipCollection:307 - Parsing relationship: /_rels/.rels
2025-12-14 13:08:53 DEBUG PackageRelationshipCollection:307 - Parsing relationship: /xl/_rels/workbook.xml.rels
2025-12-14 13:08:53 DEBUG PackageRelationshipCollection:307 - Parsing relationship: /xl/worksheets/_rels/sheet1.xml.rels
2025-12-14 13:08:53 DEBUG PackageRelationshipCollection:307 - Parsing relationship: /_rels/.rels
2025-12-14 13:08:53 DEBUG PackageRelationshipCollection:307 - Parsing relationship: /xl/_rels/workbook.xml.rels
2025-12-14 13:08:53 DEBUG PackageRelationshipCollection:307 - Parsing relationship: /xl/worksheets/_rels/sheet1.xml.rels
2025-12-14 13:08:53 DEBUG PackageRelationshipCollection:307 - Parsing relationship: /_rels/.rels
2025-12-14 13:08:53 DEBUG PackageRelationshipCollection:307 - Parsing relationship: /xl/_rels/workbook.xml.rels
2025-12-14 13:08:53 DEBUG PackageRelationshipCollection:307 - Parsing relationship: /xl/worksheets/_rels/sheet1.xml.rels
2025-12-14 13:08:53 DEBUG PackageRelationshipCollection:307 - Parsing relationship: /_rels/.rels
2025-12-14 13:08:53 DEBUG PackageRelationshipCollection:307 - Parsing relationship: /xl/_rels/workbook.xml.rels
2025-12-14 13:08:53 DEBUG PackageRelationshipCollection:307 - Parsing relationship: /xl/worksheets/_rels/sheet1.xml.rels
2025-12-14 13:08:53 DEBUG PackageRelationshipCollection:307 - Parsing relationship: /_rels/.rels
2025-12-14 13:08:53 DEBUG PackageRelationshipCollection:307 - Parsing relationship: /xl/_rels/workbook.xml.rels
2025-12-14 13:08:53 DEBUG PackageRelationshipCollection:307 - Parsing relationship: /xl/worksheets/_rels/sheet1.xml.rels
2025-12-14 13:08:53 DEBUG PackageRelationshipCollection:307 - Parsing relationship: /_rels/.rels
2025-12-14 13:08:53 DEBUG PackageRelationshipCollection:307 - Parsing relationship: /xl/_rels/workbook.xml.rels
2025-12-14 13:08:53 DEBUG PackageRelationshipCollection:307 - Parsing relationship: /xl/worksheets/_rels/sheet1.xml.rels
2025-12-14 13:08:53 DEBUG PackageRelationshipCollection:307 - Parsing relationship: /_rels/.rels
2025-12-14 13:08:53 DEBUG PackageRelationshipCollection:307 - Parsing relationship: /xl/_rels/workbook.xml.rels
2025-12-14 13:08:53 DEBUG PackageRelationshipCollection:307 - Parsing relationship: /xl/worksheets/_rels/sheet1.xml.rels
2025-12-14 13:08:53 DEBUG PackageRelationshipCollection:307 - Parsing relationship: /_rels/.rels
2025-12-14 13:08:53 DEBUG PackageRelationshipCollection:307 - Parsing relationship: /xl/_rels/workbook.xml.rels
2025-12-14 13:08:53 DEBUG PackageRelationshipCollection:307 - Parsing relationship: /xl/worksheets/_rels/sheet1.xml.rels
2025-12-14 13:08:53 DEBUG PackageRelationshipCollection:307 - Parsing relationship: /_rels/.rels
2025-12-14 13:08:53 DEBUG PackageRelationshipCollection:307 - Parsing relationship: /xl/_rels/workbook.xml.rels
2025-12-14 13:08:53 DEBUG PackageRelationshipCollection:307 - Parsing relationship: /xl/worksheets/_rels/sheet1.xml.rels
2025-12-14 13:08:53 DEBUG PackageRelationshipCollection:307 - Parsing relationship: /_rels/.rels
2025-12-14 13:08:53 DEBUG PackageRelationshipCollection:307 - Parsing relationship: /xl/_rels/workbook.xml.rels
2025-12-14 13:08:53 DEBUG PackageRelationshipCollection:307 - Parsing relationship: /xl/worksheets/_rels/sheet1.xml.rels
2025-12-14 13:08:53 DEBUG PackageRelationshipCollection:307 - Parsing relationship: /_rels/.rels
2025-12-14 13:08:53 DEBUG PackageRelationshipCollection:307 - Parsing relationship: /xl/_rels/workbook.xml.rels
2025-12-14 13:08:53 DEBUG PackageRelationshipCollection:307 - Parsing relationship: /xl/worksheets/_rels/sheet1.xml.rels
2025-12-14 13:08:53 DEBUG PackageRelationshipCollection:307 - Parsing relationship: /_rels/.rels
2025-12-14 13:08:53 DEBUG PackageRelationshipCollection:307 - Parsing relationship: /xl/_rels/workbook.xml.rels
2025-12-14 13:08:53 DEBUG PackageRelationshipCollection:307 - Parsing relationship: /xl/worksheets/_rels/sheet1.xml.rels
2025-12-14 13:08:53 DEBUG PackageRelationshipCollection:307 - Parsing relationship: /_rels/.rels
2025-12-14 13:08:53 DEBUG PackageRelationshipCollection:307 - Parsing relationship: /xl/_rels/workbook.xml.rels
2025-12-14 13:08:53 DEBUG PackageRelationshipCollection:307 - Parsing relationship: /xl/worksheets/_rels/sheet1.xml.rels
2025-12-14 13:08:53 DEBUG PackageRelationshipCollection:307 - Parsing relationship: /_rels/.rels
2025-12-14 13:08:53 DEBUG PackageRelationshipCollection:307 - Parsing relationship: /xl/_rels/workbook.xml.rels
2025-12-14 13:08:53 DEBUG PackageRelationshipCollection:307 - Parsing relationship: /xl/worksheets/_rels/sheet1.xml.rels
2025-12-14 13:08:53 DEBUG PackageRelationshipCollection:307 - Parsing relationship: /_rels/.rels
2025-12-14 13:08:53 DEBUG PackageRelationshipCollection:307 - Parsing relationship: /xl/_rels/workbook.xml.rels
2025-12-14 13:08:53 DEBUG PackageRelationshipCollection:307 - Parsing relationship: /xl/worksheets/_rels/sheet1.xml.rels
2025-12-14 13:08:53 DEBUG PackageRelationshipCollection:307 - Parsing relationship: /_rels/.rels
2025-12-14 13:08:53 DEBUG PackageRelationshipCollection:307 - Parsing relationship: /xl/_rels/workbook.xml.rels
2025-12-14 13:08:53 DEBUG PackageRelationshipCollection:307 - Parsing relationship: /xl/worksheets/_rels/sheet1.xml.rels
2025-12-14 13:08:53 DEBUG PackageRelationshipCollection:307 - Parsing relationship: /_rels/.rels
2025-12-14 13:08:53 DEBUG PackageRelationshipCollection:307 - Parsing relationship: /xl/_rels/workbook.xml.rels
2025-12-14 13:08:53 DEBUG PackageRelationshipCollection:307 - Parsing relationship: /xl/worksheets/_rels/sheet1.xml.rels
2025-12-14 13:08:53 DEBUG PackageRelationshipCollection:307 - Parsing relationship: /_rels/.rels
2025-12-14 13:08:53 INFO  TC003_LoginDataDrivenTest:18 - Starting DDT
2025-12-14 13:08:59 INFO  TC003_LoginDataDrivenTest:18 - Starting DDT
2025-12-14 13:09:04 INFO  TC003_LoginDataDrivenTest:18 - Starting DDT
2025-12-14 13:09:09 INFO  TC003_LoginDataDrivenTest:18 - Starting DDT
2025-12-14 13:09:15 INFO  TC003_LoginDataDrivenTest:18 - Starting DDT
2025-12-14 13:09:30 INFO  TC003_LoginDataDrivenTest:18 - Starting DDT
2025-12-14 13:09:45 INFO  TC003_LoginDataDrivenTest:18 - Starting DDT
2025-12-14 13:10:01 INFO  TC003_LoginDataDrivenTest:18 - Starting DDT
